2024-11-24T00:00:10.798+07:00  INFO 24148 --- [telsoft-job-quartz] [File Watcher] rtingClassPathChangeChangedEventListener : Restarting due to 2 class path changes (0 additions, 1 deletion, 1 modification)
2024-11-24T00:00:11.050+07:00  INFO 24148 --- [telsoft-job-quartz] [Thread-25] j.LocalContainerEntityManagerFactoryBean : Closing JPA EntityManagerFactory for persistence unit 'default'
2024-11-24T00:00:11.051+07:00  INFO 24148 --- [telsoft-job-quartz] [Thread-25] com.zaxxer.hikari.HikariDataSource       : HikariPool-7 - Shutdown initiated...
2024-11-24T00:00:11.052+07:00  INFO 24148 --- [telsoft-job-quartz] [Thread-25] com.zaxxer.hikari.HikariDataSource       : HikariPool-7 - Shutdown completed.
2024-11-24T00:00:11.104+07:00  INFO 24148 --- [telsoft-job-quartz] [restartedMain] t.s.quartz.manager.QuartzApplication     : Starting QuartzApplication using Java 17.0.11 with PID 24148 (D:\ThinhLD\ocs2023\quartz-spring\quartz-manager\target\classes started by thinhld in D:\ThinhLD\ocs2023\quartz-spring\quartz-manager)
2024-11-24T00:00:11.105+07:00  INFO 24148 --- [telsoft-job-quartz] [restartedMain] t.s.quartz.manager.QuartzApplication     : No active profile set, falling back to 1 default profile: "default"
2024-11-24T00:00:11.281+07:00  INFO 24148 --- [telsoft-job-quartz] [restartedMain] .s.d.r.c.RepositoryConfigurationDelegate : Bootstrapping Spring Data JPA repositories in DEFAULT mode.
2024-11-24T00:00:11.303+07:00  INFO 24148 --- [telsoft-job-quartz] [restartedMain] .s.d.r.c.RepositoryConfigurationDelegate : Finished Spring Data repository scanning in 21 ms. Found 17 JPA repository interfaces.
2024-11-24T00:00:11.387+07:00  INFO 24148 --- [telsoft-job-quartz] [restartedMain] o.s.b.w.embedded.tomcat.TomcatWebServer  : Tomcat initialized with port 2001 (http)
2024-11-24T00:00:11.387+07:00  INFO 24148 --- [telsoft-job-quartz] [restartedMain] o.apache.catalina.core.StandardService   : Starting service [Tomcat]
2024-11-24T00:00:11.387+07:00  INFO 24148 --- [telsoft-job-quartz] [restartedMain] o.apache.catalina.core.StandardEngine    : Starting Servlet engine: [Apache Tomcat/10.1.31]
2024-11-24T00:00:11.401+07:00  INFO 24148 --- [telsoft-job-quartz] [restartedMain] o.a.c.c.C.[Tomcat].[localhost].[/]       : Initializing Spring embedded WebApplicationContext
2024-11-24T00:00:11.401+07:00  INFO 24148 --- [telsoft-job-quartz] [restartedMain] w.s.c.ServletWebServerApplicationContext : Root WebApplicationContext: initialization completed in 295 ms
2024-11-24T00:00:11.436+07:00  INFO 24148 --- [telsoft-job-quartz] [restartedMain] o.hibernate.jpa.internal.util.LogHelper  : HHH000204: Processing PersistenceUnitInfo [name: default]
2024-11-24T00:00:11.438+07:00  INFO 24148 --- [telsoft-job-quartz] [restartedMain] o.h.c.internal.RegionFactoryInitiator    : HHH000026: Second-level cache disabled
2024-11-24T00:00:11.443+07:00  INFO 24148 --- [telsoft-job-quartz] [restartedMain] o.s.o.j.p.SpringPersistenceUnitInfo      : No LoadTimeWeaver setup: ignoring JPA class transformer
2024-11-24T00:00:11.443+07:00  INFO 24148 --- [telsoft-job-quartz] [restartedMain] com.zaxxer.hikari.HikariDataSource       : HikariPool-8 - Starting...
2024-11-24T00:00:11.446+07:00  INFO 24148 --- [telsoft-job-quartz] [restartedMain] com.zaxxer.hikari.pool.HikariPool        : HikariPool-8 - Added connection com.mysql.cj.jdbc.ConnectionImpl@1cb775fa
2024-11-24T00:00:11.446+07:00  INFO 24148 --- [telsoft-job-quartz] [restartedMain] com.zaxxer.hikari.HikariDataSource       : HikariPool-8 - Start completed.
2024-11-24T00:00:11.578+07:00  INFO 24148 --- [telsoft-job-quartz] [restartedMain] o.h.e.t.j.p.i.JtaPlatformInitiator       : HHH000489: No JTA platform available (set 'hibernate.transaction.jta.platform' to enable JTA platform integration)
2024-11-24T00:00:11.641+07:00  INFO 24148 --- [telsoft-job-quartz] [restartedMain] j.LocalContainerEntityManagerFactoryBean : Initialized JPA EntityManagerFactory for persistence unit 'default'
2024-11-24T00:00:11.810+07:00  WARN 24148 --- [telsoft-job-quartz] [restartedMain] JpaBaseConfiguration$JpaWebConfiguration : spring.jpa.open-in-view is enabled by default. Therefore, database queries may be performed during view rendering. Explicitly configure spring.jpa.open-in-view to disable this warning
2024-11-24T00:00:11.821+07:00  INFO 24148 --- [telsoft-job-quartz] [restartedMain] r$InitializeUserDetailsManagerConfigurer : Global AuthenticationManager configured with UserDetailsService bean with name userService
2024-11-24T00:00:12.038+07:00  WARN 24148 --- [telsoft-job-quartz] [restartedMain] o.s.b.d.a.OptionalLiveReloadServer       : Unable to start LiveReload server
2024-11-24T00:00:12.050+07:00  INFO 24148 --- [telsoft-job-quartz] [restartedMain] o.s.b.w.embedded.tomcat.TomcatWebServer  : Tomcat started on port 2001 (http) with context path '/'
2024-11-24T00:00:12.053+07:00  INFO 24148 --- [telsoft-job-quartz] [restartedMain] t.s.quartz.manager.QuartzApplication     : Started QuartzApplication in 0.965 seconds (process running for 8399.938)
2024-11-24T00:00:12.054+07:00  INFO 24148 --- [telsoft-job-quartz] [restartedMain] .ConditionEvaluationDeltaLoggingListener : Condition evaluation unchanged
2024-11-24T00:00:13.471+07:00  INFO 24148 --- [telsoft-job-quartz] [File Watcher] rtingClassPathChangeChangedEventListener : Restarting due to 2 class path changes (1 addition, 0 deletions, 1 modification)
2024-11-24T00:00:13.707+07:00  INFO 24148 --- [telsoft-job-quartz] [Thread-29] j.LocalContainerEntityManagerFactoryBean : Closing JPA EntityManagerFactory for persistence unit 'default'
2024-11-24T00:00:13.707+07:00  INFO 24148 --- [telsoft-job-quartz] [Thread-29] com.zaxxer.hikari.HikariDataSource       : HikariPool-8 - Shutdown initiated...
2024-11-24T00:00:13.708+07:00  INFO 24148 --- [telsoft-job-quartz] [Thread-29] com.zaxxer.hikari.HikariDataSource       : HikariPool-8 - Shutdown completed.
2024-11-24T00:00:13.771+07:00  INFO 24148 --- [telsoft-job-quartz] [restartedMain] t.s.quartz.manager.QuartzApplication     : Starting QuartzApplication using Java 17.0.11 with PID 24148 (D:\ThinhLD\ocs2023\quartz-spring\quartz-manager\target\classes started by thinhld in D:\ThinhLD\ocs2023\quartz-spring\quartz-manager)
2024-11-24T00:00:13.771+07:00  INFO 24148 --- [telsoft-job-quartz] [restartedMain] t.s.quartz.manager.QuartzApplication     : No active profile set, falling back to 1 default profile: "default"
2024-11-24T00:00:13.895+07:00  INFO 24148 --- [telsoft-job-quartz] [restartedMain] .s.d.r.c.RepositoryConfigurationDelegate : Bootstrapping Spring Data JPA repositories in DEFAULT mode.
2024-11-24T00:00:13.914+07:00  INFO 24148 --- [telsoft-job-quartz] [restartedMain] .s.d.r.c.RepositoryConfigurationDelegate : Finished Spring Data repository scanning in 19 ms. Found 17 JPA repository interfaces.
2024-11-24T00:00:13.984+07:00  INFO 24148 --- [telsoft-job-quartz] [restartedMain] o.s.b.w.embedded.tomcat.TomcatWebServer  : Tomcat initialized with port 2001 (http)
2024-11-24T00:00:13.985+07:00  INFO 24148 --- [telsoft-job-quartz] [restartedMain] o.apache.catalina.core.StandardService   : Starting service [Tomcat]
2024-11-24T00:00:13.985+07:00  INFO 24148 --- [telsoft-job-quartz] [restartedMain] o.apache.catalina.core.StandardEngine    : Starting Servlet engine: [Apache Tomcat/10.1.31]
2024-11-24T00:00:13.996+07:00  INFO 24148 --- [telsoft-job-quartz] [restartedMain] o.a.c.c.C.[Tomcat].[localhost].[/]       : Initializing Spring embedded WebApplicationContext
2024-11-24T00:00:13.997+07:00  INFO 24148 --- [telsoft-job-quartz] [restartedMain] w.s.c.ServletWebServerApplicationContext : Root WebApplicationContext: initialization completed in 225 ms
2024-11-24T00:00:14.030+07:00  INFO 24148 --- [telsoft-job-quartz] [restartedMain] o.hibernate.jpa.internal.util.LogHelper  : HHH000204: Processing PersistenceUnitInfo [name: default]
2024-11-24T00:00:14.031+07:00  INFO 24148 --- [telsoft-job-quartz] [restartedMain] o.h.c.internal.RegionFactoryInitiator    : HHH000026: Second-level cache disabled
2024-11-24T00:00:14.035+07:00  INFO 24148 --- [telsoft-job-quartz] [restartedMain] o.s.o.j.p.SpringPersistenceUnitInfo      : No LoadTimeWeaver setup: ignoring JPA class transformer
2024-11-24T00:00:14.036+07:00  INFO 24148 --- [telsoft-job-quartz] [restartedMain] com.zaxxer.hikari.HikariDataSource       : HikariPool-9 - Starting...
2024-11-24T00:00:14.038+07:00  INFO 24148 --- [telsoft-job-quartz] [restartedMain] com.zaxxer.hikari.pool.HikariPool        : HikariPool-9 - Added connection com.mysql.cj.jdbc.ConnectionImpl@610d8520
2024-11-24T00:00:14.038+07:00  INFO 24148 --- [telsoft-job-quartz] [restartedMain] com.zaxxer.hikari.HikariDataSource       : HikariPool-9 - Start completed.
2024-11-24T00:00:14.148+07:00  INFO 24148 --- [telsoft-job-quartz] [restartedMain] o.h.e.t.j.p.i.JtaPlatformInitiator       : HHH000489: No JTA platform available (set 'hibernate.transaction.jta.platform' to enable JTA platform integration)
2024-11-24T00:00:14.202+07:00  INFO 24148 --- [telsoft-job-quartz] [restartedMain] j.LocalContainerEntityManagerFactoryBean : Initialized JPA EntityManagerFactory for persistence unit 'default'
2024-11-24T00:00:14.366+07:00  WARN 24148 --- [telsoft-job-quartz] [restartedMain] JpaBaseConfiguration$JpaWebConfiguration : spring.jpa.open-in-view is enabled by default. Therefore, database queries may be performed during view rendering. Explicitly configure spring.jpa.open-in-view to disable this warning
2024-11-24T00:00:14.377+07:00  INFO 24148 --- [telsoft-job-quartz] [restartedMain] r$InitializeUserDetailsManagerConfigurer : Global AuthenticationManager configured with UserDetailsService bean with name userService
2024-11-24T00:00:14.594+07:00  WARN 24148 --- [telsoft-job-quartz] [restartedMain] o.s.b.d.a.OptionalLiveReloadServer       : Unable to start LiveReload server
2024-11-24T00:00:14.604+07:00  INFO 24148 --- [telsoft-job-quartz] [restartedMain] o.s.b.w.embedded.tomcat.TomcatWebServer  : Tomcat started on port 2001 (http) with context path '/'
2024-11-24T00:00:14.606+07:00  INFO 24148 --- [telsoft-job-quartz] [restartedMain] t.s.quartz.manager.QuartzApplication     : Started QuartzApplication in 0.848 seconds (process running for 8402.49)
2024-11-24T00:00:14.607+07:00  INFO 24148 --- [telsoft-job-quartz] [restartedMain] .ConditionEvaluationDeltaLoggingListener : Condition evaluation unchanged
2024-11-24T00:01:17.208+07:00  INFO 24148 --- [telsoft-job-quartz] [SpringApplicationShutdownHook] j.LocalContainerEntityManagerFactoryBean : Closing JPA EntityManagerFactory for persistence unit 'default'
2024-11-24T00:01:17.208+07:00  INFO 24148 --- [telsoft-job-quartz] [SpringApplicationShutdownHook] com.zaxxer.hikari.HikariDataSource       : HikariPool-9 - Shutdown initiated...
2024-11-24T00:01:17.209+07:00  INFO 24148 --- [telsoft-job-quartz] [SpringApplicationShutdownHook] com.zaxxer.hikari.HikariDataSource       : HikariPool-9 - Shutdown completed.
2024-11-24T09:44:32.767+07:00  INFO 25300 --- [telsoft-job-quartz] [restartedMain] t.s.quartz.manager.QuartzApplication     : Starting QuartzApplication using Java 17.0.11 with PID 25300 (D:\ThinhLD\ocs2023\quartz-spring\quartz-manager\target\classes started by thinhld in D:\ThinhLD\ocs2023\quartz-spring\quartz-manager)
2024-11-24T09:44:32.769+07:00  INFO 25300 --- [telsoft-job-quartz] [restartedMain] t.s.quartz.manager.QuartzApplication     : No active profile set, falling back to 1 default profile: "default"
2024-11-24T09:44:32.795+07:00  INFO 25300 --- [telsoft-job-quartz] [restartedMain] o.s.b.devtools.restart.ChangeableUrls    : The Class-Path manifest attribute in C:\Users\thinhld\.m2\repository\com\mchange\c3p0\0.9.5.5\c3p0-0.9.5.5.jar referenced one or more files that do not exist: file:/C:/Users/thinhld/.m2/repository/com/mchange/c3p0/0.9.5.5/mchange-commons-java-0.2.19.jar
2024-11-24T09:44:32.795+07:00  INFO 25300 --- [telsoft-job-quartz] [restartedMain] .e.DevToolsPropertyDefaultsPostProcessor : Devtools property defaults active! Set 'spring.devtools.add-properties' to 'false' to disable
2024-11-24T09:44:32.795+07:00  INFO 25300 --- [telsoft-job-quartz] [restartedMain] .e.DevToolsPropertyDefaultsPostProcessor : For additional web related logging consider setting the 'logging.level.web' property to 'DEBUG'
2024-11-24T09:44:33.590+07:00  INFO 25300 --- [telsoft-job-quartz] [restartedMain] .s.d.r.c.RepositoryConfigurationDelegate : Bootstrapping Spring Data JPA repositories in DEFAULT mode.
2024-11-24T09:44:33.648+07:00  INFO 25300 --- [telsoft-job-quartz] [restartedMain] .s.d.r.c.RepositoryConfigurationDelegate : Finished Spring Data repository scanning in 53 ms. Found 17 JPA repository interfaces.
2024-11-24T09:44:34.068+07:00  INFO 25300 --- [telsoft-job-quartz] [restartedMain] o.s.b.w.embedded.tomcat.TomcatWebServer  : Tomcat initialized with port 2001 (http)
2024-11-24T09:44:34.077+07:00  INFO 25300 --- [telsoft-job-quartz] [restartedMain] o.apache.catalina.core.StandardService   : Starting service [Tomcat]
2024-11-24T09:44:34.077+07:00  INFO 25300 --- [telsoft-job-quartz] [restartedMain] o.apache.catalina.core.StandardEngine    : Starting Servlet engine: [Apache Tomcat/10.1.31]
2024-11-24T09:44:34.120+07:00  INFO 25300 --- [telsoft-job-quartz] [restartedMain] o.a.c.c.C.[Tomcat].[localhost].[/]       : Initializing Spring embedded WebApplicationContext
2024-11-24T09:44:34.120+07:00  INFO 25300 --- [telsoft-job-quartz] [restartedMain] w.s.c.ServletWebServerApplicationContext : Root WebApplicationContext: initialization completed in 1324 ms
2024-11-24T09:44:34.224+07:00  INFO 25300 --- [telsoft-job-quartz] [restartedMain] o.hibernate.jpa.internal.util.LogHelper  : HHH000204: Processing PersistenceUnitInfo [name: default]
2024-11-24T09:44:34.259+07:00  INFO 25300 --- [telsoft-job-quartz] [restartedMain] org.hibernate.Version                    : HHH000412: Hibernate ORM core version 6.5.3.Final
2024-11-24T09:44:34.284+07:00  INFO 25300 --- [telsoft-job-quartz] [restartedMain] o.h.c.internal.RegionFactoryInitiator    : HHH000026: Second-level cache disabled
2024-11-24T09:44:34.476+07:00  INFO 25300 --- [telsoft-job-quartz] [restartedMain] o.s.o.j.p.SpringPersistenceUnitInfo      : No LoadTimeWeaver setup: ignoring JPA class transformer
2024-11-24T09:44:34.497+07:00  INFO 25300 --- [telsoft-job-quartz] [restartedMain] com.zaxxer.hikari.HikariDataSource       : HikariPool-1 - Starting...
2024-11-24T09:44:34.595+07:00  INFO 25300 --- [telsoft-job-quartz] [restartedMain] com.zaxxer.hikari.pool.HikariPool        : HikariPool-1 - Added connection com.mysql.cj.jdbc.ConnectionImpl@673c0c62
2024-11-24T09:44:34.597+07:00  INFO 25300 --- [telsoft-job-quartz] [restartedMain] com.zaxxer.hikari.HikariDataSource       : HikariPool-1 - Start completed.
2024-11-24T09:44:35.468+07:00  INFO 25300 --- [telsoft-job-quartz] [restartedMain] o.h.e.t.j.p.i.JtaPlatformInitiator       : HHH000489: No JTA platform available (set 'hibernate.transaction.jta.platform' to enable JTA platform integration)
2024-11-24T09:44:35.579+07:00  INFO 25300 --- [telsoft-job-quartz] [restartedMain] j.LocalContainerEntityManagerFactoryBean : Initialized JPA EntityManagerFactory for persistence unit 'default'
2024-11-24T09:44:36.145+07:00  WARN 25300 --- [telsoft-job-quartz] [restartedMain] JpaBaseConfiguration$JpaWebConfiguration : spring.jpa.open-in-view is enabled by default. Therefore, database queries may be performed during view rendering. Explicitly configure spring.jpa.open-in-view to disable this warning
2024-11-24T09:44:36.181+07:00  INFO 25300 --- [telsoft-job-quartz] [restartedMain] r$InitializeUserDetailsManagerConfigurer : Global AuthenticationManager configured with UserDetailsService bean with name userService
2024-11-24T09:44:36.700+07:00  INFO 25300 --- [telsoft-job-quartz] [restartedMain] o.s.b.d.a.OptionalLiveReloadServer       : LiveReload server is running on port 35729
2024-11-24T09:44:36.727+07:00  INFO 25300 --- [telsoft-job-quartz] [restartedMain] o.s.b.w.embedded.tomcat.TomcatWebServer  : Tomcat started on port 2001 (http) with context path '/'
2024-11-24T09:44:36.734+07:00  INFO 25300 --- [telsoft-job-quartz] [restartedMain] t.s.quartz.manager.QuartzApplication     : Started QuartzApplication in 4.253 seconds (process running for 4.718)
2024-11-24T09:48:17.123+07:00  INFO 25300 --- [telsoft-job-quartz] [http-nio-2001-exec-1] o.a.c.c.C.[Tomcat].[localhost].[/]       : Initializing Spring DispatcherServlet 'dispatcherServlet'
2024-11-24T09:48:17.123+07:00  INFO 25300 --- [telsoft-job-quartz] [http-nio-2001-exec-1] o.s.web.servlet.DispatcherServlet        : Initializing Servlet 'dispatcherServlet'
2024-11-24T09:48:17.124+07:00  INFO 25300 --- [telsoft-job-quartz] [http-nio-2001-exec-1] o.s.web.servlet.DispatcherServlet        : Completed initialization in 1 ms
2024-11-24T09:48:17.177+07:00  INFO 25300 --- [telsoft-job-quartz] [http-nio-2001-exec-1] t.s.quartz.manager.log.rest.SystemLog    : {"time":"Nov 24, 2024, 9:48:17 AM","typeLog":"request","uuid":"74cf3cc8-e4e3-4889-9746-898a410b8bdc","user":"anonymousUser","path":"/job/delete","body":["job_1732379007983"]}
2024-11-24T09:48:17.313+07:00  INFO 25300 --- [telsoft-job-quartz] [http-nio-2001-exec-1] t.s.quartz.manager.log.rest.SystemLog    : {"time":"Nov 24, 2024, 9:48:17 AM","typeLog":"response","uuid":"74cf3cc8-e4e3-4889-9746-898a410b8bdc","user":"anonymousUser","path":"/job/delete","body":"Success"}
2024-11-24T09:50:18.160+07:00  INFO 25300 --- [telsoft-job-quartz] [File Watcher] rtingClassPathChangeChangedEventListener : Restarting due to 3 class path changes (0 additions, 1 deletion, 2 modifications)
2024-11-24T09:50:18.544+07:00  INFO 25300 --- [telsoft-job-quartz] [Thread-5] j.LocalContainerEntityManagerFactoryBean : Closing JPA EntityManagerFactory for persistence unit 'default'
2024-11-24T09:50:18.546+07:00  INFO 25300 --- [telsoft-job-quartz] [Thread-5] com.zaxxer.hikari.HikariDataSource       : HikariPool-1 - Shutdown initiated...
2024-11-24T09:50:18.551+07:00  INFO 25300 --- [telsoft-job-quartz] [Thread-5] com.zaxxer.hikari.HikariDataSource       : HikariPool-1 - Shutdown completed.
2024-11-24T09:50:18.656+07:00  INFO 25300 --- [telsoft-job-quartz] [restartedMain] t.s.quartz.manager.QuartzApplication     : Starting QuartzApplication using Java 17.0.11 with PID 25300 (D:\ThinhLD\ocs2023\quartz-spring\quartz-manager\target\classes started by thinhld in D:\ThinhLD\ocs2023\quartz-spring\quartz-manager)
2024-11-24T09:50:18.656+07:00  INFO 25300 --- [telsoft-job-quartz] [restartedMain] t.s.quartz.manager.QuartzApplication     : No active profile set, falling back to 1 default profile: "default"
2024-11-24T09:50:18.833+07:00  INFO 25300 --- [telsoft-job-quartz] [restartedMain] .s.d.r.c.RepositoryConfigurationDelegate : Bootstrapping Spring Data JPA repositories in DEFAULT mode.
2024-11-24T09:50:18.856+07:00  INFO 25300 --- [telsoft-job-quartz] [restartedMain] .s.d.r.c.RepositoryConfigurationDelegate : Finished Spring Data repository scanning in 22 ms. Found 17 JPA repository interfaces.
2024-11-24T09:50:18.953+07:00  INFO 25300 --- [telsoft-job-quartz] [restartedMain] o.s.b.w.embedded.tomcat.TomcatWebServer  : Tomcat initialized with port 2001 (http)
2024-11-24T09:50:18.954+07:00  INFO 25300 --- [telsoft-job-quartz] [restartedMain] o.apache.catalina.core.StandardService   : Starting service [Tomcat]
2024-11-24T09:50:18.954+07:00  INFO 25300 --- [telsoft-job-quartz] [restartedMain] o.apache.catalina.core.StandardEngine    : Starting Servlet engine: [Apache Tomcat/10.1.31]
2024-11-24T09:50:18.968+07:00  INFO 25300 --- [telsoft-job-quartz] [restartedMain] o.a.c.c.C.[Tomcat].[localhost].[/]       : Initializing Spring embedded WebApplicationContext
2024-11-24T09:50:18.968+07:00  INFO 25300 --- [telsoft-job-quartz] [restartedMain] w.s.c.ServletWebServerApplicationContext : Root WebApplicationContext: initialization completed in 310 ms
2024-11-24T09:50:19.004+07:00  INFO 25300 --- [telsoft-job-quartz] [restartedMain] o.hibernate.jpa.internal.util.LogHelper  : HHH000204: Processing PersistenceUnitInfo [name: default]
2024-11-24T09:50:19.007+07:00  INFO 25300 --- [telsoft-job-quartz] [restartedMain] o.h.c.internal.RegionFactoryInitiator    : HHH000026: Second-level cache disabled
2024-11-24T09:50:19.013+07:00  INFO 25300 --- [telsoft-job-quartz] [restartedMain] o.s.o.j.p.SpringPersistenceUnitInfo      : No LoadTimeWeaver setup: ignoring JPA class transformer
2024-11-24T09:50:19.014+07:00  INFO 25300 --- [telsoft-job-quartz] [restartedMain] com.zaxxer.hikari.HikariDataSource       : HikariPool-2 - Starting...
2024-11-24T09:50:19.017+07:00  INFO 25300 --- [telsoft-job-quartz] [restartedMain] com.zaxxer.hikari.pool.HikariPool        : HikariPool-2 - Added connection com.mysql.cj.jdbc.ConnectionImpl@6c9eeda
2024-11-24T09:50:19.017+07:00  INFO 25300 --- [telsoft-job-quartz] [restartedMain] com.zaxxer.hikari.HikariDataSource       : HikariPool-2 - Start completed.
2024-11-24T09:50:19.182+07:00  INFO 25300 --- [telsoft-job-quartz] [restartedMain] o.h.e.t.j.p.i.JtaPlatformInitiator       : HHH000489: No JTA platform available (set 'hibernate.transaction.jta.platform' to enable JTA platform integration)
2024-11-24T09:50:19.243+07:00  INFO 25300 --- [telsoft-job-quartz] [restartedMain] j.LocalContainerEntityManagerFactoryBean : Initialized JPA EntityManagerFactory for persistence unit 'default'
2024-11-24T09:50:19.454+07:00  WARN 25300 --- [telsoft-job-quartz] [restartedMain] JpaBaseConfiguration$JpaWebConfiguration : spring.jpa.open-in-view is enabled by default. Therefore, database queries may be performed during view rendering. Explicitly configure spring.jpa.open-in-view to disable this warning
2024-11-24T09:50:19.466+07:00  INFO 25300 --- [telsoft-job-quartz] [restartedMain] r$InitializeUserDetailsManagerConfigurer : Global AuthenticationManager configured with UserDetailsService bean with name userService
2024-11-24T09:50:19.714+07:00  INFO 25300 --- [telsoft-job-quartz] [restartedMain] o.s.b.d.a.OptionalLiveReloadServer       : LiveReload server is running on port 35729
2024-11-24T09:50:19.725+07:00  INFO 25300 --- [telsoft-job-quartz] [restartedMain] o.s.b.w.embedded.tomcat.TomcatWebServer  : Tomcat started on port 2001 (http) with context path '/'
2024-11-24T09:50:19.728+07:00  INFO 25300 --- [telsoft-job-quartz] [restartedMain] t.s.quartz.manager.QuartzApplication     : Started QuartzApplication in 1.091 seconds (process running for 347.712)
2024-11-24T09:50:19.729+07:00  INFO 25300 --- [telsoft-job-quartz] [restartedMain] .ConditionEvaluationDeltaLoggingListener : Condition evaluation unchanged
2024-11-24T09:50:21.146+07:00  INFO 25300 --- [telsoft-job-quartz] [File Watcher] rtingClassPathChangeChangedEventListener : Restarting due to 3 class path changes (1 addition, 0 deletions, 2 modifications)
2024-11-24T09:50:21.379+07:00  INFO 25300 --- [telsoft-job-quartz] [Thread-7] j.LocalContainerEntityManagerFactoryBean : Closing JPA EntityManagerFactory for persistence unit 'default'
2024-11-24T09:50:21.380+07:00  INFO 25300 --- [telsoft-job-quartz] [Thread-7] com.zaxxer.hikari.HikariDataSource       : HikariPool-2 - Shutdown initiated...
2024-11-24T09:50:21.381+07:00  INFO 25300 --- [telsoft-job-quartz] [Thread-7] com.zaxxer.hikari.HikariDataSource       : HikariPool-2 - Shutdown completed.
2024-11-24T09:50:21.481+07:00  INFO 25300 --- [telsoft-job-quartz] [restartedMain] t.s.quartz.manager.QuartzApplication     : Starting QuartzApplication using Java 17.0.11 with PID 25300 (D:\ThinhLD\ocs2023\quartz-spring\quartz-manager\target\classes started by thinhld in D:\ThinhLD\ocs2023\quartz-spring\quartz-manager)
2024-11-24T09:50:21.481+07:00  INFO 25300 --- [telsoft-job-quartz] [restartedMain] t.s.quartz.manager.QuartzApplication     : No active profile set, falling back to 1 default profile: "default"
2024-11-24T09:50:21.609+07:00  INFO 25300 --- [telsoft-job-quartz] [restartedMain] .s.d.r.c.RepositoryConfigurationDelegate : Bootstrapping Spring Data JPA repositories in DEFAULT mode.
2024-11-24T09:50:21.629+07:00  INFO 25300 --- [telsoft-job-quartz] [restartedMain] .s.d.r.c.RepositoryConfigurationDelegate : Finished Spring Data repository scanning in 20 ms. Found 17 JPA repository interfaces.
2024-11-24T09:50:21.704+07:00  INFO 25300 --- [telsoft-job-quartz] [restartedMain] o.s.b.w.embedded.tomcat.TomcatWebServer  : Tomcat initialized with port 2001 (http)
2024-11-24T09:50:21.704+07:00  INFO 25300 --- [telsoft-job-quartz] [restartedMain] o.apache.catalina.core.StandardService   : Starting service [Tomcat]
2024-11-24T09:50:21.704+07:00  INFO 25300 --- [telsoft-job-quartz] [restartedMain] o.apache.catalina.core.StandardEngine    : Starting Servlet engine: [Apache Tomcat/10.1.31]
2024-11-24T09:50:21.717+07:00  INFO 25300 --- [telsoft-job-quartz] [restartedMain] o.a.c.c.C.[Tomcat].[localhost].[/]       : Initializing Spring embedded WebApplicationContext
2024-11-24T09:50:21.717+07:00  INFO 25300 --- [telsoft-job-quartz] [restartedMain] w.s.c.ServletWebServerApplicationContext : Root WebApplicationContext: initialization completed in 235 ms
2024-11-24T09:50:21.748+07:00  INFO 25300 --- [telsoft-job-quartz] [restartedMain] o.hibernate.jpa.internal.util.LogHelper  : HHH000204: Processing PersistenceUnitInfo [name: default]
2024-11-24T09:50:21.749+07:00  INFO 25300 --- [telsoft-job-quartz] [restartedMain] o.h.c.internal.RegionFactoryInitiator    : HHH000026: Second-level cache disabled
2024-11-24T09:50:21.754+07:00  INFO 25300 --- [telsoft-job-quartz] [restartedMain] o.s.o.j.p.SpringPersistenceUnitInfo      : No LoadTimeWeaver setup: ignoring JPA class transformer
2024-11-24T09:50:21.755+07:00  INFO 25300 --- [telsoft-job-quartz] [restartedMain] com.zaxxer.hikari.HikariDataSource       : HikariPool-3 - Starting...
2024-11-24T09:50:21.757+07:00  INFO 25300 --- [telsoft-job-quartz] [restartedMain] com.zaxxer.hikari.pool.HikariPool        : HikariPool-3 - Added connection com.mysql.cj.jdbc.ConnectionImpl@4e391648
2024-11-24T09:50:21.757+07:00  INFO 25300 --- [telsoft-job-quartz] [restartedMain] com.zaxxer.hikari.HikariDataSource       : HikariPool-3 - Start completed.
2024-11-24T09:50:21.891+07:00  INFO 25300 --- [telsoft-job-quartz] [restartedMain] o.h.e.t.j.p.i.JtaPlatformInitiator       : HHH000489: No JTA platform available (set 'hibernate.transaction.jta.platform' to enable JTA platform integration)
2024-11-24T09:50:21.967+07:00  INFO 25300 --- [telsoft-job-quartz] [restartedMain] j.LocalContainerEntityManagerFactoryBean : Initialized JPA EntityManagerFactory for persistence unit 'default'
2024-11-24T09:50:22.162+07:00  WARN 25300 --- [telsoft-job-quartz] [restartedMain] JpaBaseConfiguration$JpaWebConfiguration : spring.jpa.open-in-view is enabled by default. Therefore, database queries may be performed during view rendering. Explicitly configure spring.jpa.open-in-view to disable this warning
2024-11-24T09:50:22.174+07:00  INFO 25300 --- [telsoft-job-quartz] [restartedMain] r$InitializeUserDetailsManagerConfigurer : Global AuthenticationManager configured with UserDetailsService bean with name userService
2024-11-24T09:50:22.468+07:00  INFO 25300 --- [telsoft-job-quartz] [restartedMain] o.s.b.d.a.OptionalLiveReloadServer       : LiveReload server is running on port 35729
2024-11-24T09:50:22.479+07:00  INFO 25300 --- [telsoft-job-quartz] [restartedMain] o.s.b.w.embedded.tomcat.TomcatWebServer  : Tomcat started on port 2001 (http) with context path '/'
2024-11-24T09:50:22.482+07:00  INFO 25300 --- [telsoft-job-quartz] [restartedMain] t.s.quartz.manager.QuartzApplication     : Started QuartzApplication in 1.015 seconds (process running for 350.466)
2024-11-24T09:50:22.483+07:00  INFO 25300 --- [telsoft-job-quartz] [restartedMain] .ConditionEvaluationDeltaLoggingListener : Condition evaluation unchanged
2024-11-24T09:51:26.467+07:00  INFO 25300 --- [telsoft-job-quartz] [http-nio-2001-exec-1] o.a.c.c.C.[Tomcat].[localhost].[/]       : Initializing Spring DispatcherServlet 'dispatcherServlet'
2024-11-24T09:51:26.467+07:00  INFO 25300 --- [telsoft-job-quartz] [http-nio-2001-exec-1] o.s.web.servlet.DispatcherServlet        : Initializing Servlet 'dispatcherServlet'
2024-11-24T09:51:26.468+07:00  INFO 25300 --- [telsoft-job-quartz] [http-nio-2001-exec-1] o.s.web.servlet.DispatcherServlet        : Completed initialization in 1 ms
2024-11-24T09:51:26.511+07:00  INFO 25300 --- [telsoft-job-quartz] [http-nio-2001-exec-1] t.s.quartz.manager.log.rest.SystemLog    : {"time":"Nov 24, 2024, 9:51:26 AM","typeLog":"request","uuid":"b949ecd5-56ab-4a1f-befd-af5ccb2cf28e","user":"anonymousUser","path":"/job/create","body":{"classpath":"telsoft.scheduler.quartz.worker.job.itlayer.GetFileJob","projectName":"ocs-2023","jobAlias":"Get file itgw","group":"itgw","debug":true,"description":"Get file flow","triggerDetailList":[{"intervalSeconds":60,"cronExpression":"string","triggerType":"SIMPLE","description":"trigger 60s/1"},{"intervalSeconds":0,"cronExpression":"0 0 11 * * ?","triggerType":"CRON","description":"Cron trigger at 11:00 every day"},{"intervalSeconds":0,"cronExpression":"0 0 12 * * ?","triggerType":"CRON","description":"Cron trigger at 12:00 every day"}],"autoStart":true,"paramsJob":[{"paramType":"TEXT","paramName":"string","paramValue":"String"}]}}
2024-11-24T09:51:26.642+07:00  INFO 25300 --- [telsoft-job-quartz] [http-nio-2001-exec-1] t.s.quartz.manager.log.rest.SystemLog    : {"time":"Nov 24, 2024, 9:51:26 AM","typeLog":"response","uuid":"b949ecd5-56ab-4a1f-befd-af5ccb2cf28e","user":"anonymousUser","path":"/job/create","body":"Job created successfully with classpath: telsoft.scheduler.quartz.worker.job.itlayer.GetFileJob"}
2024-11-24T09:51:46.485+07:00  INFO 25300 --- [telsoft-job-quartz] [http-nio-2001-exec-2] t.s.quartz.manager.log.rest.SystemLog    : {"time":"Nov 24, 2024, 9:51:46 AM","typeLog":"request","uuid":"f65a650e-c191-4e5b-9c62-4e0e894bbac3","user":"anonymousUser","path":"/job/start","body":["job_1732416686521"]}
2024-11-24T09:51:46.502+07:00  INFO 25300 --- [telsoft-job-quartz] [http-nio-2001-exec-2] t.s.quartz.manager.log.rest.SystemLog    : {"time":"Nov 24, 2024, 9:51:46 AM","typeLog":"response","uuid":"f65a650e-c191-4e5b-9c62-4e0e894bbac3","user":"anonymousUser","path":"/job/start","body":"Job started successfully."}
2024-11-24T09:56:38.829+07:00  INFO 25300 --- [telsoft-job-quartz] [File Watcher] rtingClassPathChangeChangedEventListener : Restarting due to 2 class path changes (0 additions, 0 deletions, 2 modifications)
2024-11-24T09:56:39.062+07:00  INFO 25300 --- [telsoft-job-quartz] [Thread-11] j.LocalContainerEntityManagerFactoryBean : Closing JPA EntityManagerFactory for persistence unit 'default'
2024-11-24T09:56:39.063+07:00  INFO 25300 --- [telsoft-job-quartz] [Thread-11] com.zaxxer.hikari.HikariDataSource       : HikariPool-3 - Shutdown initiated...
2024-11-24T09:56:39.064+07:00  INFO 25300 --- [telsoft-job-quartz] [Thread-11] com.zaxxer.hikari.HikariDataSource       : HikariPool-3 - Shutdown completed.
2024-11-24T09:56:39.107+07:00  INFO 25300 --- [telsoft-job-quartz] [restartedMain] t.s.quartz.manager.QuartzApplication     : Starting QuartzApplication using Java 17.0.11 with PID 25300 (D:\ThinhLD\ocs2023\quartz-spring\quartz-manager\target\classes started by thinhld in D:\ThinhLD\ocs2023\quartz-spring\quartz-manager)
2024-11-24T09:56:39.108+07:00  INFO 25300 --- [telsoft-job-quartz] [restartedMain] t.s.quartz.manager.QuartzApplication     : No active profile set, falling back to 1 default profile: "default"
2024-11-24T09:56:39.251+07:00  INFO 25300 --- [telsoft-job-quartz] [restartedMain] .s.d.r.c.RepositoryConfigurationDelegate : Bootstrapping Spring Data JPA repositories in DEFAULT mode.
2024-11-24T09:56:39.273+07:00  INFO 25300 --- [telsoft-job-quartz] [restartedMain] .s.d.r.c.RepositoryConfigurationDelegate : Finished Spring Data repository scanning in 21 ms. Found 17 JPA repository interfaces.
2024-11-24T09:56:39.352+07:00  INFO 25300 --- [telsoft-job-quartz] [restartedMain] o.s.b.w.embedded.tomcat.TomcatWebServer  : Tomcat initialized with port 2001 (http)
2024-11-24T09:56:39.352+07:00  INFO 25300 --- [telsoft-job-quartz] [restartedMain] o.apache.catalina.core.StandardService   : Starting service [Tomcat]
2024-11-24T09:56:39.352+07:00  INFO 25300 --- [telsoft-job-quartz] [restartedMain] o.apache.catalina.core.StandardEngine    : Starting Servlet engine: [Apache Tomcat/10.1.31]
2024-11-24T09:56:39.365+07:00  INFO 25300 --- [telsoft-job-quartz] [restartedMain] o.a.c.c.C.[Tomcat].[localhost].[/]       : Initializing Spring embedded WebApplicationContext
2024-11-24T09:56:39.365+07:00  INFO 25300 --- [telsoft-job-quartz] [restartedMain] w.s.c.ServletWebServerApplicationContext : Root WebApplicationContext: initialization completed in 257 ms
2024-11-24T09:56:39.400+07:00  INFO 25300 --- [telsoft-job-quartz] [restartedMain] o.hibernate.jpa.internal.util.LogHelper  : HHH000204: Processing PersistenceUnitInfo [name: default]
2024-11-24T09:56:39.401+07:00  INFO 25300 --- [telsoft-job-quartz] [restartedMain] o.h.c.internal.RegionFactoryInitiator    : HHH000026: Second-level cache disabled
2024-11-24T09:56:39.406+07:00  INFO 25300 --- [telsoft-job-quartz] [restartedMain] o.s.o.j.p.SpringPersistenceUnitInfo      : No LoadTimeWeaver setup: ignoring JPA class transformer
2024-11-24T09:56:39.407+07:00  INFO 25300 --- [telsoft-job-quartz] [restartedMain] com.zaxxer.hikari.HikariDataSource       : HikariPool-4 - Starting...
2024-11-24T09:56:39.409+07:00  INFO 25300 --- [telsoft-job-quartz] [restartedMain] com.zaxxer.hikari.pool.HikariPool        : HikariPool-4 - Added connection com.mysql.cj.jdbc.ConnectionImpl@274d5631
2024-11-24T09:56:39.410+07:00  INFO 25300 --- [telsoft-job-quartz] [restartedMain] com.zaxxer.hikari.HikariDataSource       : HikariPool-4 - Start completed.
2024-11-24T09:56:39.548+07:00  INFO 25300 --- [telsoft-job-quartz] [restartedMain] o.h.e.t.j.p.i.JtaPlatformInitiator       : HHH000489: No JTA platform available (set 'hibernate.transaction.jta.platform' to enable JTA platform integration)
2024-11-24T09:56:39.604+07:00  INFO 25300 --- [telsoft-job-quartz] [restartedMain] j.LocalContainerEntityManagerFactoryBean : Initialized JPA EntityManagerFactory for persistence unit 'default'
2024-11-24T09:56:39.782+07:00  WARN 25300 --- [telsoft-job-quartz] [restartedMain] JpaBaseConfiguration$JpaWebConfiguration : spring.jpa.open-in-view is enabled by default. Therefore, database queries may be performed during view rendering. Explicitly configure spring.jpa.open-in-view to disable this warning
2024-11-24T09:56:39.793+07:00  INFO 25300 --- [telsoft-job-quartz] [restartedMain] r$InitializeUserDetailsManagerConfigurer : Global AuthenticationManager configured with UserDetailsService bean with name userService
2024-11-24T09:56:40.010+07:00  INFO 25300 --- [telsoft-job-quartz] [restartedMain] o.s.b.d.a.OptionalLiveReloadServer       : LiveReload server is running on port 35729
2024-11-24T09:56:40.024+07:00  INFO 25300 --- [telsoft-job-quartz] [restartedMain] o.s.b.w.embedded.tomcat.TomcatWebServer  : Tomcat started on port 2001 (http) with context path '/'
2024-11-24T09:56:40.026+07:00  INFO 25300 --- [telsoft-job-quartz] [restartedMain] t.s.quartz.manager.QuartzApplication     : Started QuartzApplication in 0.934 seconds (process running for 728.01)
2024-11-24T09:56:40.027+07:00  INFO 25300 --- [telsoft-job-quartz] [restartedMain] .ConditionEvaluationDeltaLoggingListener : Condition evaluation unchanged
2024-11-24T09:56:57.003+07:00  INFO 25300 --- [telsoft-job-quartz] [http-nio-2001-exec-1] o.a.c.c.C.[Tomcat].[localhost].[/]       : Initializing Spring DispatcherServlet 'dispatcherServlet'
2024-11-24T09:56:57.003+07:00  INFO 25300 --- [telsoft-job-quartz] [http-nio-2001-exec-1] o.s.web.servlet.DispatcherServlet        : Initializing Servlet 'dispatcherServlet'
2024-11-24T09:56:57.004+07:00  INFO 25300 --- [telsoft-job-quartz] [http-nio-2001-exec-1] o.s.web.servlet.DispatcherServlet        : Completed initialization in 1 ms
2024-11-24T09:56:57.010+07:00  INFO 25300 --- [telsoft-job-quartz] [http-nio-2001-exec-1] t.s.quartz.manager.log.rest.SystemLog    : {"time":"Nov 24, 2024, 9:56:57 AM","typeLog":"request","uuid":"d9e772c1-3f4c-4909-a38f-6ca33af098fb","user":"anonymousUser","path":"/job/delete","body":["job_1732416686521"]}
2024-11-24T09:56:57.076+07:00  INFO 25300 --- [telsoft-job-quartz] [http-nio-2001-exec-1] t.s.quartz.manager.log.rest.SystemLog    : {"time":"Nov 24, 2024, 9:56:57 AM","typeLog":"response","uuid":"d9e772c1-3f4c-4909-a38f-6ca33af098fb","user":"anonymousUser","path":"/job/delete","body":"Success"}
2024-11-24T09:57:04.621+07:00  INFO 25300 --- [telsoft-job-quartz] [http-nio-2001-exec-3] t.s.quartz.manager.log.rest.SystemLog    : {"time":"Nov 24, 2024, 9:57:04 AM","typeLog":"request","uuid":"0f8a199f-f711-41ec-a870-eb8a23c6fa19","user":"anonymousUser","path":"/job/create","body":{"classpath":"telsoft.scheduler.quartz.worker.job.itlayer.GetFileJob","projectName":"ocs-2023","jobAlias":"Get file itgw","group":"itgw","debug":true,"description":"Get file flow","triggerDetailList":[{"intervalSeconds":60,"cronExpression":"string","triggerType":"SIMPLE","description":"trigger 60s/1"},{"intervalSeconds":0,"cronExpression":"0 0 11 * * ?","triggerType":"CRON","description":"Cron trigger at 11:00 every day"},{"intervalSeconds":0,"cronExpression":"0 0 12 * * ?","triggerType":"CRON","description":"Cron trigger at 12:00 every day"}],"autoStart":true,"paramsJob":[{"paramType":"TEXT","paramName":"string","paramValue":"String"}]}}
2024-11-24T09:57:04.643+07:00 ERROR 25300 --- [telsoft-job-quartz] [http-nio-2001-exec-3] t.s.q.m.e.RestGlobalExceptionHandler     : Error: not-null property references a null or transient value : telsoft.scheduler.quartz.manager.entity.Trigger.startTime
StackTrace: [org.springframework.orm.jpa.vendor.HibernateJpaDialect.convertHibernateAccessException(HibernateJpaDialect.java:307), org.springframework.orm.jpa.vendor.HibernateJpaDialect.translateExceptionIfPossible(HibernateJpaDialect.java:241), org.springframework.orm.jpa.AbstractEntityManagerFactoryBean.translateExceptionIfPossible(AbstractEntityManagerFactoryBean.java:550), org.springframework.dao.support.ChainedPersistenceExceptionTranslator.translateExceptionIfPossible(ChainedPersistenceExceptionTranslator.java:61), org.springframework.dao.support.DataAccessUtils.translateIfNecessary(DataAccessUtils.java:335), org.springframework.dao.support.PersistenceExceptionTranslationInterceptor.invoke(PersistenceExceptionTranslationInterceptor.java:160), org.springframework.aop.framework.ReflectiveMethodInvocation.proceed(ReflectiveMethodInvocation.java:184), org.springframework.data.jpa.repository.support.CrudMethodMetadataPostProcessor$CrudMethodMetadataPopulatingMethodInterceptor.invoke(CrudMethodMetadataPostProcessor.java:165), org.springframework.aop.framework.ReflectiveMethodInvocation.proceed(ReflectiveMethodInvocation.java:184), org.springframework.aop.interceptor.ExposeInvocationInterceptor.invoke(ExposeInvocationInterceptor.java:97), org.springframework.aop.framework.ReflectiveMethodInvocation.proceed(ReflectiveMethodInvocation.java:184), org.springframework.aop.framework.JdkDynamicAopProxy.invoke(JdkDynamicAopProxy.java:223), jdk.proxy10/jdk.proxy10.$Proxy231.saveAndFlush(Unknown Source), telsoft.scheduler.quartz.manager.service.TriggerService.saveTrigger(TriggerService.java:52), telsoft.scheduler.quartz.manager.service.JobService.saveSimpleTrigger(JobService.java:118), telsoft.scheduler.quartz.manager.service.JobService.saveTriggers(JobService.java:100), telsoft.scheduler.quartz.manager.service.JobService.createGenericJob(JobService.java:67), telsoft.scheduler.quartz.manager.controller.JobController.createGenericJob(JobController.java:31), java.base/jdk.internal.reflect.NativeMethodAccessorImpl.invoke0(Native Method), java.base/jdk.internal.reflect.NativeMethodAccessorImpl.invoke(NativeMethodAccessorImpl.java:77), java.base/jdk.internal.reflect.DelegatingMethodAccessorImpl.invoke(DelegatingMethodAccessorImpl.java:43), java.base/java.lang.reflect.Method.invoke(Method.java:568), org.springframework.web.method.support.InvocableHandlerMethod.doInvoke(InvocableHandlerMethod.java:255), org.springframework.web.method.support.InvocableHandlerMethod.invokeForRequest(InvocableHandlerMethod.java:188), org.springframework.web.servlet.mvc.method.annotation.ServletInvocableHandlerMethod.invokeAndHandle(ServletInvocableHandlerMethod.java:118), org.springframework.web.servlet.mvc.method.annotation.RequestMappingHandlerAdapter.invokeHandlerMethod(RequestMappingHandlerAdapter.java:926), org.springframework.web.servlet.mvc.method.annotation.RequestMappingHandlerAdapter.handleInternal(RequestMappingHandlerAdapter.java:831), org.springframework.web.servlet.mvc.method.AbstractHandlerMethodAdapter.handle(AbstractHandlerMethodAdapter.java:87), org.springframework.web.servlet.DispatcherServlet.doDispatch(DispatcherServlet.java:1089), org.springframework.web.servlet.DispatcherServlet.doService(DispatcherServlet.java:979), org.springframework.web.servlet.FrameworkServlet.processRequest(FrameworkServlet.java:1014), org.springframework.web.servlet.FrameworkServlet.doPost(FrameworkServlet.java:914), jakarta.servlet.http.HttpServlet.service(HttpServlet.java:590), org.springframework.web.servlet.FrameworkServlet.service(FrameworkServlet.java:885), jakarta.servlet.http.HttpServlet.service(HttpServlet.java:658), org.apache.catalina.core.ApplicationFilterChain.internalDoFilter(ApplicationFilterChain.java:195), org.apache.catalina.core.ApplicationFilterChain.doFilter(ApplicationFilterChain.java:140), org.apache.tomcat.websocket.server.WsFilter.doFilter(WsFilter.java:51), org.apache.catalina.core.ApplicationFilterChain.internalDoFilter(ApplicationFilterChain.java:164), org.apache.catalina.core.ApplicationFilterChain.doFilter(ApplicationFilterChain.java:140), org.springframework.web.filter.OncePerRequestFilter.doFilter(OncePerRequestFilter.java:110), org.apache.catalina.core.ApplicationFilterChain.internalDoFilter(ApplicationFilterChain.java:164), org.apache.catalina.core.ApplicationFilterChain.doFilter(ApplicationFilterChain.java:140), org.springframework.web.filter.CompositeFilter$VirtualFilterChain.doFilter(CompositeFilter.java:108), org.springframework.security.web.FilterChainProxy.lambda$doFilterInternal$3(FilterChainProxy.java:231), org.springframework.security.web.FilterChainProxy$VirtualFilterChain.doFilter(FilterChainProxy.java:365), org.springframework.security.web.access.intercept.AuthorizationFilter.doFilter(AuthorizationFilter.java:100), org.springframework.security.web.FilterChainProxy$VirtualFilterChain.doFilter(FilterChainProxy.java:374), org.springframework.security.web.access.ExceptionTranslationFilter.doFilter(ExceptionTranslationFilter.java:126), org.springframework.security.web.access.ExceptionTranslationFilter.doFilter(ExceptionTranslationFilter.java:120), org.springframework.security.web.FilterChainProxy$VirtualFilterChain.doFilter(FilterChainProxy.java:374), org.springframework.security.web.session.SessionManagementFilter.doFilter(SessionManagementFilter.java:131), org.springframework.security.web.session.SessionManagementFilter.doFilter(SessionManagementFilter.java:85), org.springframework.security.web.FilterChainProxy$VirtualFilterChain.doFilter(FilterChainProxy.java:374), org.springframework.security.web.authentication.AnonymousAuthenticationFilter.doFilter(AnonymousAuthenticationFilter.java:100), org.springframework.security.web.FilterChainProxy$VirtualFilterChain.doFilter(FilterChainProxy.java:374), org.springframework.security.web.servletapi.SecurityContextHolderAwareRequestFilter.doFilter(SecurityContextHolderAwareRequestFilter.java:179), org.springframework.security.web.FilterChainProxy$VirtualFilterChain.doFilter(FilterChainProxy.java:374), org.springframework.security.web.savedrequest.RequestCacheAwareFilter.doFilter(RequestCacheAwareFilter.java:63), org.springframework.security.web.FilterChainProxy$VirtualFilterChain.doFilter(FilterChainProxy.java:374), telsoft.scheduler.quartz.manager.config.authentication.JwtAuthenticationFilter.doFilterInternal(JwtAuthenticationFilter.java:57), org.springframework.web.filter.OncePerRequestFilter.doFilter(OncePerRequestFilter.java:116), org.springframework.security.web.FilterChainProxy$VirtualFilterChain.doFilter(FilterChainProxy.java:374), org.springframework.security.web.authentication.logout.LogoutFilter.doFilter(LogoutFilter.java:107), org.springframework.security.web.authentication.logout.LogoutFilter.doFilter(LogoutFilter.java:93), org.springframework.security.web.FilterChainProxy$VirtualFilterChain.doFilter(FilterChainProxy.java:374), org.springframework.security.web.header.HeaderWriterFilter.doHeadersAfter(HeaderWriterFilter.java:90), org.springframework.security.web.header.HeaderWriterFilter.doFilterInternal(HeaderWriterFilter.java:75), org.springframework.web.filter.OncePerRequestFilter.doFilter(OncePerRequestFilter.java:116), org.springframework.security.web.FilterChainProxy$VirtualFilterChain.doFilter(FilterChainProxy.java:374), org.springframework.security.web.context.SecurityContextHolderFilter.doFilter(SecurityContextHolderFilter.java:82), org.springframework.security.web.context.SecurityContextHolderFilter.doFilter(SecurityContextHolderFilter.java:69), org.springframework.security.web.FilterChainProxy$VirtualFilterChain.doFilter(FilterChainProxy.java:374), org.springframework.security.web.context.request.async.WebAsyncManagerIntegrationFilter.doFilterInternal(WebAsyncManagerIntegrationFilter.java:62), org.springframework.web.filter.OncePerRequestFilter.doFilter(OncePerRequestFilter.java:116), org.springframework.security.web.FilterChainProxy$VirtualFilterChain.doFilter(FilterChainProxy.java:374), org.springframework.security.web.session.DisableEncodeUrlFilter.doFilterInternal(DisableEncodeUrlFilter.java:42), org.springframework.web.filter.OncePerRequestFilter.doFilter(OncePerRequestFilter.java:116), org.springframework.security.web.FilterChainProxy$VirtualFilterChain.doFilter(FilterChainProxy.java:374), org.springframework.security.web.FilterChainProxy.doFilterInternal(FilterChainProxy.java:233), org.springframework.security.web.FilterChainProxy.doFilter(FilterChainProxy.java:191), org.springframework.web.filter.CompositeFilter$VirtualFilterChain.doFilter(CompositeFilter.java:113), org.springframework.web.servlet.handler.HandlerMappingIntrospector.lambda$createCacheFilter$3(HandlerMappingIntrospector.java:195), org.springframework.web.filter.CompositeFilter$VirtualFilterChain.doFilter(CompositeFilter.java:113), org.springframework.web.filter.CompositeFilter.doFilter(CompositeFilter.java:74), org.springframework.security.config.annotation.web.configuration.WebMvcSecurityConfiguration$CompositeFilterChainProxy.doFilter(WebMvcSecurityConfiguration.java:230), org.springframework.web.filter.DelegatingFilterProxy.invokeDelegate(DelegatingFilterProxy.java:362), org.springframework.web.filter.DelegatingFilterProxy.doFilter(DelegatingFilterProxy.java:278), org.apache.catalina.core.ApplicationFilterChain.internalDoFilter(ApplicationFilterChain.java:164), org.apache.catalina.core.ApplicationFilterChain.doFilter(ApplicationFilterChain.java:140), org.springframework.web.filter.RequestContextFilter.doFilterInternal(RequestContextFilter.java:100), org.springframework.web.filter.OncePerRequestFilter.doFilter(OncePerRequestFilter.java:116), org.apache.catalina.core.ApplicationFilterChain.internalDoFilter(ApplicationFilterChain.java:164), org.apache.catalina.core.ApplicationFilterChain.doFilter(ApplicationFilterChain.java:140), org.springframework.web.filter.FormContentFilter.doFilterInternal(FormContentFilter.java:93), org.springframework.web.filter.OncePerRequestFilter.doFilter(OncePerRequestFilter.java:116), org.apache.catalina.core.ApplicationFilterChain.internalDoFilter(ApplicationFilterChain.java:164), org.apache.catalina.core.ApplicationFilterChain.doFilter(ApplicationFilterChain.java:140), org.springframework.web.filter.CharacterEncodingFilter.doFilterInternal(CharacterEncodingFilter.java:201), org.springframework.web.filter.OncePerRequestFilter.doFilter(OncePerRequestFilter.java:116), org.apache.catalina.core.ApplicationFilterChain.internalDoFilter(ApplicationFilterChain.java:164), org.apache.catalina.core.ApplicationFilterChain.doFilter(ApplicationFilterChain.java:140), org.apache.catalina.core.StandardWrapperValve.invoke(StandardWrapperValve.java:167), org.apache.catalina.core.StandardContextValve.invoke(StandardContextValve.java:90), org.apache.catalina.authenticator.AuthenticatorBase.invoke(AuthenticatorBase.java:483), org.apache.catalina.core.StandardHostValve.invoke(StandardHostValve.java:115), org.apache.catalina.valves.ErrorReportValve.invoke(ErrorReportValve.java:93), org.apache.catalina.core.StandardEngineValve.invoke(StandardEngineValve.java:74), org.apache.catalina.connector.CoyoteAdapter.service(CoyoteAdapter.java:344), org.apache.coyote.http11.Http11Processor.service(Http11Processor.java:384), org.apache.coyote.AbstractProcessorLight.process(AbstractProcessorLight.java:63), org.apache.coyote.AbstractProtocol$ConnectionHandler.process(AbstractProtocol.java:905), org.apache.tomcat.util.net.NioEndpoint$SocketProcessor.doRun(NioEndpoint.java:1741), org.apache.tomcat.util.net.SocketProcessorBase.run(SocketProcessorBase.java:52), org.apache.tomcat.util.threads.ThreadPoolExecutor.runWorker(ThreadPoolExecutor.java:1190), org.apache.tomcat.util.threads.ThreadPoolExecutor$Worker.run(ThreadPoolExecutor.java:659), org.apache.tomcat.util.threads.TaskThread$WrappingRunnable.run(TaskThread.java:63), java.base/java.lang.Thread.run(Thread.java:840)]
2024-11-24T09:57:04.644+07:00  INFO 25300 --- [telsoft-job-quartz] [http-nio-2001-exec-3] t.s.quartz.manager.log.rest.SystemLog    : {"time":"Nov 24, 2024, 9:57:04 AM","typeLog":"response","uuid":"0f8a199f-f711-41ec-a870-eb8a23c6fa19","user":"anonymousUser","path":"/job/create","body":"Runtime exception: not-null property references a null or transient value : telsoft.scheduler.quartz.manager.entity.Trigger.startTime"}
2024-11-24T09:57:04.644+07:00  WARN 25300 --- [telsoft-job-quartz] [http-nio-2001-exec-3] .m.m.a.ExceptionHandlerExceptionResolver : Resolved [org.springframework.dao.DataIntegrityViolationException: not-null property references a null or transient value : telsoft.scheduler.quartz.manager.entity.Trigger.startTime]
2024-11-24T09:57:35.036+07:00  INFO 25300 --- [telsoft-job-quartz] [http-nio-2001-exec-2] t.s.quartz.manager.log.rest.SystemLog    : {"time":"Nov 24, 2024, 9:57:35 AM","typeLog":"request","uuid":"0a911551-151b-4612-941c-30731140df23","user":"anonymousUser","path":"/job/start","body":["job_1732417024627"]}
2024-11-24T09:57:35.041+07:00  INFO 25300 --- [telsoft-job-quartz] [http-nio-2001-exec-2] t.s.quartz.manager.log.rest.SystemLog    : {"time":"Nov 24, 2024, 9:57:35 AM","typeLog":"response","uuid":"0a911551-151b-4612-941c-30731140df23","user":"anonymousUser","path":"/job/start","body":"Job started successfully."}
2024-11-24T09:58:40.823+07:00  INFO 25300 --- [telsoft-job-quartz] [File Watcher] rtingClassPathChangeChangedEventListener : Restarting due to 2 class path changes (0 additions, 1 deletion, 1 modification)
2024-11-24T09:58:41.089+07:00  INFO 25300 --- [telsoft-job-quartz] [Thread-15] j.LocalContainerEntityManagerFactoryBean : Closing JPA EntityManagerFactory for persistence unit 'default'
2024-11-24T09:58:41.090+07:00  INFO 25300 --- [telsoft-job-quartz] [Thread-15] com.zaxxer.hikari.HikariDataSource       : HikariPool-4 - Shutdown initiated...
2024-11-24T09:58:41.091+07:00  INFO 25300 --- [telsoft-job-quartz] [Thread-15] com.zaxxer.hikari.HikariDataSource       : HikariPool-4 - Shutdown completed.
2024-11-24T09:58:41.162+07:00  INFO 25300 --- [telsoft-job-quartz] [restartedMain] t.s.quartz.manager.QuartzApplication     : Starting QuartzApplication using Java 17.0.11 with PID 25300 (D:\ThinhLD\ocs2023\quartz-spring\quartz-manager\target\classes started by thinhld in D:\ThinhLD\ocs2023\quartz-spring\quartz-manager)
2024-11-24T09:58:41.163+07:00  INFO 25300 --- [telsoft-job-quartz] [restartedMain] t.s.quartz.manager.QuartzApplication     : No active profile set, falling back to 1 default profile: "default"
2024-11-24T09:58:41.308+07:00  INFO 25300 --- [telsoft-job-quartz] [restartedMain] .s.d.r.c.RepositoryConfigurationDelegate : Bootstrapping Spring Data JPA repositories in DEFAULT mode.
2024-11-24T09:58:41.329+07:00  INFO 25300 --- [telsoft-job-quartz] [restartedMain] .s.d.r.c.RepositoryConfigurationDelegate : Finished Spring Data repository scanning in 20 ms. Found 17 JPA repository interfaces.
2024-11-24T09:58:41.415+07:00  INFO 25300 --- [telsoft-job-quartz] [restartedMain] o.s.b.w.embedded.tomcat.TomcatWebServer  : Tomcat initialized with port 2001 (http)
2024-11-24T09:58:41.415+07:00  INFO 25300 --- [telsoft-job-quartz] [restartedMain] o.apache.catalina.core.StandardService   : Starting service [Tomcat]
2024-11-24T09:58:41.415+07:00  INFO 25300 --- [telsoft-job-quartz] [restartedMain] o.apache.catalina.core.StandardEngine    : Starting Servlet engine: [Apache Tomcat/10.1.31]
2024-11-24T09:58:41.429+07:00  INFO 25300 --- [telsoft-job-quartz] [restartedMain] o.a.c.c.C.[Tomcat].[localhost].[/]       : Initializing Spring embedded WebApplicationContext
2024-11-24T09:58:41.429+07:00  INFO 25300 --- [telsoft-job-quartz] [restartedMain] w.s.c.ServletWebServerApplicationContext : Root WebApplicationContext: initialization completed in 265 ms
2024-11-24T09:58:41.466+07:00  INFO 25300 --- [telsoft-job-quartz] [restartedMain] o.hibernate.jpa.internal.util.LogHelper  : HHH000204: Processing PersistenceUnitInfo [name: default]
2024-11-24T09:58:41.468+07:00  INFO 25300 --- [telsoft-job-quartz] [restartedMain] o.h.c.internal.RegionFactoryInitiator    : HHH000026: Second-level cache disabled
2024-11-24T09:58:41.472+07:00  INFO 25300 --- [telsoft-job-quartz] [restartedMain] o.s.o.j.p.SpringPersistenceUnitInfo      : No LoadTimeWeaver setup: ignoring JPA class transformer
2024-11-24T09:58:41.473+07:00  INFO 25300 --- [telsoft-job-quartz] [restartedMain] com.zaxxer.hikari.HikariDataSource       : HikariPool-5 - Starting...
2024-11-24T09:58:41.475+07:00  INFO 25300 --- [telsoft-job-quartz] [restartedMain] com.zaxxer.hikari.pool.HikariPool        : HikariPool-5 - Added connection com.mysql.cj.jdbc.ConnectionImpl@1417a33c
2024-11-24T09:58:41.475+07:00  INFO 25300 --- [telsoft-job-quartz] [restartedMain] com.zaxxer.hikari.HikariDataSource       : HikariPool-5 - Start completed.
2024-11-24T09:58:41.601+07:00  INFO 25300 --- [telsoft-job-quartz] [restartedMain] o.h.e.t.j.p.i.JtaPlatformInitiator       : HHH000489: No JTA platform available (set 'hibernate.transaction.jta.platform' to enable JTA platform integration)
2024-11-24T09:58:41.658+07:00  INFO 25300 --- [telsoft-job-quartz] [restartedMain] j.LocalContainerEntityManagerFactoryBean : Initialized JPA EntityManagerFactory for persistence unit 'default'
2024-11-24T09:58:41.829+07:00  WARN 25300 --- [telsoft-job-quartz] [restartedMain] JpaBaseConfiguration$JpaWebConfiguration : spring.jpa.open-in-view is enabled by default. Therefore, database queries may be performed during view rendering. Explicitly configure spring.jpa.open-in-view to disable this warning
2024-11-24T09:58:41.840+07:00  INFO 25300 --- [telsoft-job-quartz] [restartedMain] r$InitializeUserDetailsManagerConfigurer : Global AuthenticationManager configured with UserDetailsService bean with name userService
2024-11-24T09:58:42.058+07:00  INFO 25300 --- [telsoft-job-quartz] [restartedMain] o.s.b.d.a.OptionalLiveReloadServer       : LiveReload server is running on port 35729
2024-11-24T09:58:42.068+07:00  INFO 25300 --- [telsoft-job-quartz] [restartedMain] o.s.b.w.embedded.tomcat.TomcatWebServer  : Tomcat started on port 2001 (http) with context path '/'
2024-11-24T09:58:42.071+07:00  INFO 25300 --- [telsoft-job-quartz] [restartedMain] t.s.quartz.manager.QuartzApplication     : Started QuartzApplication in 0.926 seconds (process running for 850.055)
2024-11-24T09:58:42.072+07:00  INFO 25300 --- [telsoft-job-quartz] [restartedMain] .ConditionEvaluationDeltaLoggingListener : Condition evaluation unchanged
2024-11-24T09:58:43.503+07:00  INFO 25300 --- [telsoft-job-quartz] [File Watcher] rtingClassPathChangeChangedEventListener : Restarting due to 2 class path changes (1 addition, 0 deletions, 1 modification)
2024-11-24T09:58:43.734+07:00  INFO 25300 --- [telsoft-job-quartz] [Thread-19] j.LocalContainerEntityManagerFactoryBean : Closing JPA EntityManagerFactory for persistence unit 'default'
2024-11-24T09:58:43.734+07:00  INFO 25300 --- [telsoft-job-quartz] [Thread-19] com.zaxxer.hikari.HikariDataSource       : HikariPool-5 - Shutdown initiated...
2024-11-24T09:58:43.735+07:00  INFO 25300 --- [telsoft-job-quartz] [Thread-19] com.zaxxer.hikari.HikariDataSource       : HikariPool-5 - Shutdown completed.
2024-11-24T09:58:43.831+07:00  INFO 25300 --- [telsoft-job-quartz] [restartedMain] t.s.quartz.manager.QuartzApplication     : Starting QuartzApplication using Java 17.0.11 with PID 25300 (D:\ThinhLD\ocs2023\quartz-spring\quartz-manager\target\classes started by thinhld in D:\ThinhLD\ocs2023\quartz-spring\quartz-manager)
2024-11-24T09:58:43.831+07:00  INFO 25300 --- [telsoft-job-quartz] [restartedMain] t.s.quartz.manager.QuartzApplication     : No active profile set, falling back to 1 default profile: "default"
2024-11-24T09:58:43.948+07:00  INFO 25300 --- [telsoft-job-quartz] [restartedMain] .s.d.r.c.RepositoryConfigurationDelegate : Bootstrapping Spring Data JPA repositories in DEFAULT mode.
2024-11-24T09:58:43.967+07:00  INFO 25300 --- [telsoft-job-quartz] [restartedMain] .s.d.r.c.RepositoryConfigurationDelegate : Finished Spring Data repository scanning in 19 ms. Found 17 JPA repository interfaces.
2024-11-24T09:58:44.040+07:00  INFO 25300 --- [telsoft-job-quartz] [restartedMain] o.s.b.w.embedded.tomcat.TomcatWebServer  : Tomcat initialized with port 2001 (http)
2024-11-24T09:58:44.041+07:00  INFO 25300 --- [telsoft-job-quartz] [restartedMain] o.apache.catalina.core.StandardService   : Starting service [Tomcat]
2024-11-24T09:58:44.041+07:00  INFO 25300 --- [telsoft-job-quartz] [restartedMain] o.apache.catalina.core.StandardEngine    : Starting Servlet engine: [Apache Tomcat/10.1.31]
2024-11-24T09:58:44.054+07:00  INFO 25300 --- [telsoft-job-quartz] [restartedMain] o.a.c.c.C.[Tomcat].[localhost].[/]       : Initializing Spring embedded WebApplicationContext
2024-11-24T09:58:44.054+07:00  INFO 25300 --- [telsoft-job-quartz] [restartedMain] w.s.c.ServletWebServerApplicationContext : Root WebApplicationContext: initialization completed in 222 ms
2024-11-24T09:58:44.084+07:00  INFO 25300 --- [telsoft-job-quartz] [restartedMain] o.hibernate.jpa.internal.util.LogHelper  : HHH000204: Processing PersistenceUnitInfo [name: default]
2024-11-24T09:58:44.085+07:00  INFO 25300 --- [telsoft-job-quartz] [restartedMain] o.h.c.internal.RegionFactoryInitiator    : HHH000026: Second-level cache disabled
2024-11-24T09:58:44.090+07:00  INFO 25300 --- [telsoft-job-quartz] [restartedMain] o.s.o.j.p.SpringPersistenceUnitInfo      : No LoadTimeWeaver setup: ignoring JPA class transformer
2024-11-24T09:58:44.090+07:00  INFO 25300 --- [telsoft-job-quartz] [restartedMain] com.zaxxer.hikari.HikariDataSource       : HikariPool-6 - Starting...
2024-11-24T09:58:44.092+07:00  INFO 25300 --- [telsoft-job-quartz] [restartedMain] com.zaxxer.hikari.pool.HikariPool        : HikariPool-6 - Added connection com.mysql.cj.jdbc.ConnectionImpl@782a3727
2024-11-24T09:58:44.092+07:00  INFO 25300 --- [telsoft-job-quartz] [restartedMain] com.zaxxer.hikari.HikariDataSource       : HikariPool-6 - Start completed.
2024-11-24T09:58:44.211+07:00  INFO 25300 --- [telsoft-job-quartz] [restartedMain] o.h.e.t.j.p.i.JtaPlatformInitiator       : HHH000489: No JTA platform available (set 'hibernate.transaction.jta.platform' to enable JTA platform integration)
2024-11-24T09:58:44.265+07:00  INFO 25300 --- [telsoft-job-quartz] [restartedMain] j.LocalContainerEntityManagerFactoryBean : Initialized JPA EntityManagerFactory for persistence unit 'default'
2024-11-24T09:58:44.433+07:00  WARN 25300 --- [telsoft-job-quartz] [restartedMain] JpaBaseConfiguration$JpaWebConfiguration : spring.jpa.open-in-view is enabled by default. Therefore, database queries may be performed during view rendering. Explicitly configure spring.jpa.open-in-view to disable this warning
2024-11-24T09:58:44.444+07:00  INFO 25300 --- [telsoft-job-quartz] [restartedMain] r$InitializeUserDetailsManagerConfigurer : Global AuthenticationManager configured with UserDetailsService bean with name userService
2024-11-24T09:58:44.661+07:00  INFO 25300 --- [telsoft-job-quartz] [restartedMain] o.s.b.d.a.OptionalLiveReloadServer       : LiveReload server is running on port 35729
2024-11-24T09:58:44.670+07:00  INFO 25300 --- [telsoft-job-quartz] [restartedMain] o.s.b.w.embedded.tomcat.TomcatWebServer  : Tomcat started on port 2001 (http) with context path '/'
2024-11-24T09:58:44.673+07:00  INFO 25300 --- [telsoft-job-quartz] [restartedMain] t.s.quartz.manager.QuartzApplication     : Started QuartzApplication in 0.855 seconds (process running for 852.656)
2024-11-24T09:58:44.674+07:00  INFO 25300 --- [telsoft-job-quartz] [restartedMain] .ConditionEvaluationDeltaLoggingListener : Condition evaluation unchanged
2024-11-24T10:14:56.358+07:00  INFO 25300 --- [telsoft-job-quartz] [SpringApplicationShutdownHook] j.LocalContainerEntityManagerFactoryBean : Closing JPA EntityManagerFactory for persistence unit 'default'
2024-11-24T10:14:56.359+07:00  INFO 25300 --- [telsoft-job-quartz] [SpringApplicationShutdownHook] com.zaxxer.hikari.HikariDataSource       : HikariPool-6 - Shutdown initiated...
2024-11-24T10:14:56.360+07:00  INFO 25300 --- [telsoft-job-quartz] [SpringApplicationShutdownHook] com.zaxxer.hikari.HikariDataSource       : HikariPool-6 - Shutdown completed.
2024-11-24T10:19:54.762+07:00  INFO 9796 --- [telsoft-job-quartz] [restartedMain] t.s.quartz.manager.QuartzApplication     : Starting QuartzApplication using Java 17.0.11 with PID 9796 (D:\ThinhLD\ocs2023\quartz-spring\quartz-manager\target\classes started by thinhld in D:\ThinhLD\ocs2023\quartz-spring\quartz-manager)
2024-11-24T10:19:54.764+07:00  INFO 9796 --- [telsoft-job-quartz] [restartedMain] t.s.quartz.manager.QuartzApplication     : No active profile set, falling back to 1 default profile: "default"
2024-11-24T10:19:54.791+07:00  INFO 9796 --- [telsoft-job-quartz] [restartedMain] o.s.b.devtools.restart.ChangeableUrls    : The Class-Path manifest attribute in C:\Users\thinhld\.m2\repository\com\mchange\c3p0\0.9.5.5\c3p0-0.9.5.5.jar referenced one or more files that do not exist: file:/C:/Users/thinhld/.m2/repository/com/mchange/c3p0/0.9.5.5/mchange-commons-java-0.2.19.jar
2024-11-24T10:19:54.791+07:00  INFO 9796 --- [telsoft-job-quartz] [restartedMain] .e.DevToolsPropertyDefaultsPostProcessor : Devtools property defaults active! Set 'spring.devtools.add-properties' to 'false' to disable
2024-11-24T10:19:54.791+07:00  INFO 9796 --- [telsoft-job-quartz] [restartedMain] .e.DevToolsPropertyDefaultsPostProcessor : For additional web related logging consider setting the 'logging.level.web' property to 'DEBUG'
2024-11-24T10:19:55.659+07:00  INFO 9796 --- [telsoft-job-quartz] [restartedMain] .s.d.r.c.RepositoryConfigurationDelegate : Bootstrapping Spring Data JPA repositories in DEFAULT mode.
2024-11-24T10:19:55.719+07:00  INFO 9796 --- [telsoft-job-quartz] [restartedMain] .s.d.r.c.RepositoryConfigurationDelegate : Finished Spring Data repository scanning in 55 ms. Found 17 JPA repository interfaces.
2024-11-24T10:19:56.103+07:00  INFO 9796 --- [telsoft-job-quartz] [restartedMain] o.s.b.w.embedded.tomcat.TomcatWebServer  : Tomcat initialized with port 2001 (http)
2024-11-24T10:19:56.111+07:00  INFO 9796 --- [telsoft-job-quartz] [restartedMain] o.apache.catalina.core.StandardService   : Starting service [Tomcat]
2024-11-24T10:19:56.111+07:00  INFO 9796 --- [telsoft-job-quartz] [restartedMain] o.apache.catalina.core.StandardEngine    : Starting Servlet engine: [Apache Tomcat/10.1.31]
2024-11-24T10:19:56.147+07:00  INFO 9796 --- [telsoft-job-quartz] [restartedMain] o.a.c.c.C.[Tomcat].[localhost].[/]       : Initializing Spring embedded WebApplicationContext
2024-11-24T10:19:56.147+07:00  INFO 9796 --- [telsoft-job-quartz] [restartedMain] w.s.c.ServletWebServerApplicationContext : Root WebApplicationContext: initialization completed in 1355 ms
2024-11-24T10:19:56.200+07:00  INFO 9796 --- [telsoft-job-quartz] [restartedMain] com.zaxxer.hikari.HikariDataSource       : HikariPool-1 - Starting...
2024-11-24T10:19:56.289+07:00  INFO 9796 --- [telsoft-job-quartz] [restartedMain] com.zaxxer.hikari.pool.HikariPool        : HikariPool-1 - Added connection com.mysql.cj.jdbc.ConnectionImpl@3c7421a
2024-11-24T10:19:56.291+07:00  INFO 9796 --- [telsoft-job-quartz] [restartedMain] com.zaxxer.hikari.HikariDataSource       : HikariPool-1 - Start completed.
2024-11-24T10:19:56.347+07:00  INFO 9796 --- [telsoft-job-quartz] [restartedMain] o.hibernate.jpa.internal.util.LogHelper  : HHH000204: Processing PersistenceUnitInfo [name: default]
2024-11-24T10:19:56.387+07:00  INFO 9796 --- [telsoft-job-quartz] [restartedMain] org.hibernate.Version                    : HHH000412: Hibernate ORM core version 6.5.3.Final
2024-11-24T10:19:56.411+07:00  INFO 9796 --- [telsoft-job-quartz] [restartedMain] o.h.c.internal.RegionFactoryInitiator    : HHH000026: Second-level cache disabled
2024-11-24T10:19:56.591+07:00  INFO 9796 --- [telsoft-job-quartz] [restartedMain] o.s.o.j.p.SpringPersistenceUnitInfo      : No LoadTimeWeaver setup: ignoring JPA class transformer
2024-11-24T10:19:57.328+07:00  INFO 9796 --- [telsoft-job-quartz] [restartedMain] o.h.e.t.j.p.i.JtaPlatformInitiator       : HHH000489: No JTA platform available (set 'hibernate.transaction.jta.platform' to enable JTA platform integration)
2024-11-24T10:19:57.406+07:00  INFO 9796 --- [telsoft-job-quartz] [restartedMain] j.LocalContainerEntityManagerFactoryBean : Initialized JPA EntityManagerFactory for persistence unit 'default'
2024-11-24T10:19:57.894+07:00  WARN 9796 --- [telsoft-job-quartz] [restartedMain] JpaBaseConfiguration$JpaWebConfiguration : spring.jpa.open-in-view is enabled by default. Therefore, database queries may be performed during view rendering. Explicitly configure spring.jpa.open-in-view to disable this warning
2024-11-24T10:19:57.924+07:00  INFO 9796 --- [telsoft-job-quartz] [restartedMain] r$InitializeUserDetailsManagerConfigurer : Global AuthenticationManager configured with UserDetailsService bean with name userService
2024-11-24T10:19:58.402+07:00  INFO 9796 --- [telsoft-job-quartz] [restartedMain] org.quartz.impl.StdSchedulerFactory      : Using ConnectionProvider class 'org.quartz.utils.C3p0PoolingConnectionProvider' for data source 'blog'
2024-11-24T10:19:58.413+07:00  INFO 9796 --- [telsoft-job-quartz] [MLog-Init-Reporter] com.mchange.v2.log.MLog                  : MLog clients using slf4j logging.
2024-11-24T10:19:58.427+07:00  INFO 9796 --- [telsoft-job-quartz] [restartedMain] com.mchange.v2.c3p0.C3P0Registry         : Initializing c3p0-0.9.5.5 [built 11-December-2019 22:18:33 -0800; debug? true; trace: 10]
2024-11-24T10:19:58.445+07:00  INFO 9796 --- [telsoft-job-quartz] [restartedMain] org.quartz.impl.StdSchedulerFactory      : Using default implementation for ThreadExecutor
2024-11-24T10:19:58.455+07:00  INFO 9796 --- [telsoft-job-quartz] [restartedMain] org.quartz.core.SchedulerSignalerImpl    : Initialized Scheduler Signaller of type: class org.quartz.core.SchedulerSignalerImpl
2024-11-24T10:19:58.455+07:00  INFO 9796 --- [telsoft-job-quartz] [restartedMain] org.quartz.core.QuartzScheduler          : Quartz Scheduler v.2.3.2 created.
2024-11-24T10:19:58.455+07:00  INFO 9796 --- [telsoft-job-quartz] [restartedMain] o.quartz.impl.jdbcjobstore.JobStoreTX    : Using db table-based data access locking (synchronization).
2024-11-24T10:19:58.456+07:00  INFO 9796 --- [telsoft-job-quartz] [restartedMain] o.quartz.impl.jdbcjobstore.JobStoreTX    : JobStoreTX initialized.
2024-11-24T10:19:58.457+07:00  INFO 9796 --- [telsoft-job-quartz] [restartedMain] org.quartz.core.QuartzScheduler          : Scheduler meta-data: Quartz Scheduler (v2.3.2) 'quartzScheduler' with instanceId 'DESKTOP-GO6FQ711732418398446'
  Scheduler class: 'org.quartz.core.QuartzScheduler' - running locally.
  NOT STARTED.
  Currently in standby mode.
  Number of jobs executed: 0
  Using thread pool 'org.quartz.simpl.SimpleThreadPool' - with 100 threads.
  Using job-store 'org.quartz.impl.jdbcjobstore.JobStoreTX' - which supports persistence. and is clustered.

2024-11-24T10:19:58.457+07:00  INFO 9796 --- [telsoft-job-quartz] [restartedMain] org.quartz.impl.StdSchedulerFactory      : Quartz scheduler 'quartzScheduler' initialized from an externally provided properties instance.
2024-11-24T10:19:58.457+07:00  INFO 9796 --- [telsoft-job-quartz] [restartedMain] org.quartz.impl.StdSchedulerFactory      : Quartz scheduler version: 2.3.2
2024-11-24T10:19:58.457+07:00  INFO 9796 --- [telsoft-job-quartz] [restartedMain] org.quartz.core.QuartzScheduler          : JobFactory set to: org.springframework.scheduling.quartz.SpringBeanJobFactory@5f6fa6c4
2024-11-24T10:19:58.503+07:00  INFO 9796 --- [telsoft-job-quartz] [restartedMain] o.s.b.d.a.OptionalLiveReloadServer       : LiveReload server is running on port 35729
2024-11-24T10:19:58.534+07:00  INFO 9796 --- [telsoft-job-quartz] [restartedMain] o.s.b.w.embedded.tomcat.TomcatWebServer  : Tomcat started on port 2001 (http) with context path '/'
2024-11-24T10:19:58.535+07:00  INFO 9796 --- [telsoft-job-quartz] [restartedMain] o.s.s.quartz.SchedulerFactoryBean        : Starting Quartz Scheduler now
2024-11-24T10:19:58.546+07:00  INFO 9796 --- [telsoft-job-quartz] [restartedMain] c.m.v.c.i.AbstractPoolBackedDataSource   : Initializing c3p0 pool... com.mchange.v2.c3p0.ComboPooledDataSource [ acquireIncrement -> 3, acquireRetryAttempts -> 30, acquireRetryDelay -> 1000, autoCommitOnClose -> false, automaticTestTable -> null, breakAfterAcquireFailure -> false, checkoutTimeout -> 0, connectionCustomizerClassName -> null, connectionTesterClassName -> com.mchange.v2.c3p0.impl.DefaultConnectionTester, contextClassLoaderSource -> caller, dataSourceName -> 326rxhb7pksjbry1zgxk|62c0b666, debugUnreturnedConnectionStackTraces -> false, description -> null, driverClass -> com.mysql.cj.jdbc.Driver, extensions -> {}, factoryClassLocation -> null, forceIgnoreUnresolvedTransactions -> false, forceSynchronousCheckins -> false, forceUseNamedDriverClass -> false, identityToken -> 326rxhb7pksjbry1zgxk|62c0b666, idleConnectionTestPeriod -> 0, initialPoolSize -> 3, jdbcUrl -> jdbc:mysql://localhost:3306/blog?useSSL=false, maxAdministrativeTaskTime -> 0, maxConnectionAge -> 0, maxIdleTime -> 0, maxIdleTimeExcessConnections -> 0, maxPoolSize -> 10, maxStatements -> 0, maxStatementsPerConnection -> 120, minPoolSize -> 1, numHelperThreads -> 3, preferredTestQuery -> null, privilegeSpawnedThreads -> false, properties -> {password=******, user=******}, propertyCycle -> 0, statementCacheNumDeferredCloseThreads -> 0, testConnectionOnCheckin -> false, testConnectionOnCheckout -> false, unreturnedConnectionTimeout -> 0, userOverrides -> {}, usesTraditionalReflectiveProxies -> false ]
2024-11-24T10:19:58.587+07:00  INFO 9796 --- [telsoft-job-quartz] [restartedMain] org.quartz.core.QuartzScheduler          : Scheduler quartzScheduler_$_DESKTOP-GO6FQ711732418398446 started.
2024-11-24T10:19:58.593+07:00  INFO 9796 --- [telsoft-job-quartz] [restartedMain] t.s.quartz.manager.QuartzApplication     : Started QuartzApplication in 4.098 seconds (process running for 4.52)
2024-11-24T10:20:02.186+07:00  INFO 9796 --- [telsoft-job-quartz] [SpringApplicationShutdownHook] org.quartz.core.QuartzScheduler          : Scheduler quartzScheduler_$_DESKTOP-GO6FQ711732418398446 paused.
2024-11-24T10:20:02.468+07:00  INFO 9796 --- [telsoft-job-quartz] [SpringApplicationShutdownHook] o.s.s.quartz.SchedulerFactoryBean        : Shutting down Quartz Scheduler
2024-11-24T10:20:02.468+07:00  INFO 9796 --- [telsoft-job-quartz] [SpringApplicationShutdownHook] org.quartz.core.QuartzScheduler          : Scheduler quartzScheduler_$_DESKTOP-GO6FQ711732418398446 shutting down.
2024-11-24T10:20:02.468+07:00  INFO 9796 --- [telsoft-job-quartz] [SpringApplicationShutdownHook] org.quartz.core.QuartzScheduler          : Scheduler quartzScheduler_$_DESKTOP-GO6FQ711732418398446 paused.
2024-11-24T10:20:02.469+07:00  INFO 9796 --- [telsoft-job-quartz] [SpringApplicationShutdownHook] org.quartz.core.QuartzScheduler          : Scheduler quartzScheduler_$_DESKTOP-GO6FQ711732418398446 shutdown complete.
2024-11-24T10:20:02.471+07:00  INFO 9796 --- [telsoft-job-quartz] [SpringApplicationShutdownHook] j.LocalContainerEntityManagerFactoryBean : Closing JPA EntityManagerFactory for persistence unit 'default'
2024-11-24T10:20:02.474+07:00  INFO 9796 --- [telsoft-job-quartz] [SpringApplicationShutdownHook] com.zaxxer.hikari.HikariDataSource       : HikariPool-1 - Shutdown initiated...
2024-11-24T10:20:02.475+07:00  INFO 9796 --- [telsoft-job-quartz] [SpringApplicationShutdownHook] com.zaxxer.hikari.HikariDataSource       : HikariPool-1 - Shutdown completed.
2024-11-24T10:29:50.955+07:00  INFO 3032 --- [telsoft-job-quartz] [restartedMain] t.s.quartz.manager.QuartzApplication     : Starting QuartzApplication using Java 17.0.11 with PID 3032 (D:\ThinhLD\ocs2023\quartz-spring\quartz-manager\target\classes started by thinhld in D:\ThinhLD\ocs2023\quartz-spring\quartz-manager)
2024-11-24T10:29:50.957+07:00  INFO 3032 --- [telsoft-job-quartz] [restartedMain] t.s.quartz.manager.QuartzApplication     : No active profile set, falling back to 1 default profile: "default"
2024-11-24T10:29:50.985+07:00  INFO 3032 --- [telsoft-job-quartz] [restartedMain] o.s.b.devtools.restart.ChangeableUrls    : The Class-Path manifest attribute in C:\Users\thinhld\.m2\repository\com\mchange\c3p0\0.9.5.5\c3p0-0.9.5.5.jar referenced one or more files that do not exist: file:/C:/Users/thinhld/.m2/repository/com/mchange/c3p0/0.9.5.5/mchange-commons-java-0.2.19.jar
2024-11-24T10:29:50.985+07:00  INFO 3032 --- [telsoft-job-quartz] [restartedMain] .e.DevToolsPropertyDefaultsPostProcessor : Devtools property defaults active! Set 'spring.devtools.add-properties' to 'false' to disable
2024-11-24T10:29:50.985+07:00  INFO 3032 --- [telsoft-job-quartz] [restartedMain] .e.DevToolsPropertyDefaultsPostProcessor : For additional web related logging consider setting the 'logging.level.web' property to 'DEBUG'
2024-11-24T10:29:51.651+07:00  INFO 3032 --- [telsoft-job-quartz] [restartedMain] .s.d.r.c.RepositoryConfigurationDelegate : Bootstrapping Spring Data JPA repositories in DEFAULT mode.
2024-11-24T10:29:51.709+07:00  INFO 3032 --- [telsoft-job-quartz] [restartedMain] .s.d.r.c.RepositoryConfigurationDelegate : Finished Spring Data repository scanning in 52 ms. Found 17 JPA repository interfaces.
2024-11-24T10:29:52.135+07:00  INFO 3032 --- [telsoft-job-quartz] [restartedMain] o.s.b.w.embedded.tomcat.TomcatWebServer  : Tomcat initialized with port 2001 (http)
2024-11-24T10:29:52.143+07:00  INFO 3032 --- [telsoft-job-quartz] [restartedMain] o.apache.catalina.core.StandardService   : Starting service [Tomcat]
2024-11-24T10:29:52.143+07:00  INFO 3032 --- [telsoft-job-quartz] [restartedMain] o.apache.catalina.core.StandardEngine    : Starting Servlet engine: [Apache Tomcat/10.1.31]
2024-11-24T10:29:52.182+07:00  INFO 3032 --- [telsoft-job-quartz] [restartedMain] o.a.c.c.C.[Tomcat].[localhost].[/]       : Initializing Spring embedded WebApplicationContext
2024-11-24T10:29:52.182+07:00  INFO 3032 --- [telsoft-job-quartz] [restartedMain] w.s.c.ServletWebServerApplicationContext : Root WebApplicationContext: initialization completed in 1197 ms
2024-11-24T10:29:52.269+07:00  INFO 3032 --- [telsoft-job-quartz] [restartedMain] o.hibernate.jpa.internal.util.LogHelper  : HHH000204: Processing PersistenceUnitInfo [name: default]
2024-11-24T10:29:52.307+07:00  INFO 3032 --- [telsoft-job-quartz] [restartedMain] org.hibernate.Version                    : HHH000412: Hibernate ORM core version 6.5.3.Final
2024-11-24T10:29:52.328+07:00  INFO 3032 --- [telsoft-job-quartz] [restartedMain] o.h.c.internal.RegionFactoryInitiator    : HHH000026: Second-level cache disabled
2024-11-24T10:29:52.514+07:00  INFO 3032 --- [telsoft-job-quartz] [restartedMain] o.s.o.j.p.SpringPersistenceUnitInfo      : No LoadTimeWeaver setup: ignoring JPA class transformer
2024-11-24T10:29:52.532+07:00  INFO 3032 --- [telsoft-job-quartz] [restartedMain] com.zaxxer.hikari.HikariDataSource       : HikariPool-1 - Starting...
2024-11-24T10:29:52.626+07:00  INFO 3032 --- [telsoft-job-quartz] [restartedMain] com.zaxxer.hikari.pool.HikariPool        : HikariPool-1 - Added connection com.mysql.cj.jdbc.ConnectionImpl@77f8bf49
2024-11-24T10:29:52.627+07:00  INFO 3032 --- [telsoft-job-quartz] [restartedMain] com.zaxxer.hikari.HikariDataSource       : HikariPool-1 - Start completed.
2024-11-24T10:29:53.387+07:00  INFO 3032 --- [telsoft-job-quartz] [restartedMain] o.h.e.t.j.p.i.JtaPlatformInitiator       : HHH000489: No JTA platform available (set 'hibernate.transaction.jta.platform' to enable JTA platform integration)
2024-11-24T10:29:53.464+07:00  INFO 3032 --- [telsoft-job-quartz] [restartedMain] j.LocalContainerEntityManagerFactoryBean : Initialized JPA EntityManagerFactory for persistence unit 'default'
2024-11-24T10:29:53.963+07:00  WARN 3032 --- [telsoft-job-quartz] [restartedMain] JpaBaseConfiguration$JpaWebConfiguration : spring.jpa.open-in-view is enabled by default. Therefore, database queries may be performed during view rendering. Explicitly configure spring.jpa.open-in-view to disable this warning
2024-11-24T10:29:53.993+07:00  INFO 3032 --- [telsoft-job-quartz] [restartedMain] r$InitializeUserDetailsManagerConfigurer : Global AuthenticationManager configured with UserDetailsService bean with name userService
2024-11-24T10:29:54.493+07:00  INFO 3032 --- [telsoft-job-quartz] [restartedMain] o.s.b.d.a.OptionalLiveReloadServer       : LiveReload server is running on port 35729
2024-11-24T10:29:54.520+07:00  INFO 3032 --- [telsoft-job-quartz] [restartedMain] o.s.b.w.embedded.tomcat.TomcatWebServer  : Tomcat started on port 2001 (http) with context path '/'
2024-11-24T10:29:54.527+07:00  INFO 3032 --- [telsoft-job-quartz] [restartedMain] t.s.quartz.manager.QuartzApplication     : Started QuartzApplication in 3.882 seconds (process running for 4.282)
2024-11-24T10:31:19.969+07:00  INFO 3032 --- [telsoft-job-quartz] [File Watcher] rtingClassPathChangeChangedEventListener : Restarting due to 3 class path changes (0 additions, 0 deletions, 3 modifications)
2024-11-24T10:31:20.233+07:00  INFO 3032 --- [telsoft-job-quartz] [Thread-5] j.LocalContainerEntityManagerFactoryBean : Closing JPA EntityManagerFactory for persistence unit 'default'
2024-11-24T10:31:20.236+07:00  INFO 3032 --- [telsoft-job-quartz] [Thread-5] com.zaxxer.hikari.HikariDataSource       : HikariPool-1 - Shutdown initiated...
2024-11-24T10:31:20.240+07:00  INFO 3032 --- [telsoft-job-quartz] [Thread-5] com.zaxxer.hikari.HikariDataSource       : HikariPool-1 - Shutdown completed.
2024-11-24T10:31:20.344+07:00  INFO 3032 --- [telsoft-job-quartz] [restartedMain] t.s.quartz.manager.QuartzApplication     : Starting QuartzApplication using Java 17.0.11 with PID 3032 (D:\ThinhLD\ocs2023\quartz-spring\quartz-manager\target\classes started by thinhld in D:\ThinhLD\ocs2023\quartz-spring\quartz-manager)
2024-11-24T10:31:20.344+07:00  INFO 3032 --- [telsoft-job-quartz] [restartedMain] t.s.quartz.manager.QuartzApplication     : No active profile set, falling back to 1 default profile: "default"
2024-11-24T10:31:20.506+07:00  INFO 3032 --- [telsoft-job-quartz] [restartedMain] .s.d.r.c.RepositoryConfigurationDelegate : Bootstrapping Spring Data JPA repositories in DEFAULT mode.
2024-11-24T10:31:20.528+07:00  INFO 3032 --- [telsoft-job-quartz] [restartedMain] .s.d.r.c.RepositoryConfigurationDelegate : Finished Spring Data repository scanning in 21 ms. Found 17 JPA repository interfaces.
2024-11-24T10:31:20.609+07:00  INFO 3032 --- [telsoft-job-quartz] [restartedMain] o.s.b.w.embedded.tomcat.TomcatWebServer  : Tomcat initialized with port 2001 (http)
2024-11-24T10:31:20.610+07:00  INFO 3032 --- [telsoft-job-quartz] [restartedMain] o.apache.catalina.core.StandardService   : Starting service [Tomcat]
2024-11-24T10:31:20.610+07:00  INFO 3032 --- [telsoft-job-quartz] [restartedMain] o.apache.catalina.core.StandardEngine    : Starting Servlet engine: [Apache Tomcat/10.1.31]
2024-11-24T10:31:20.624+07:00  INFO 3032 --- [telsoft-job-quartz] [restartedMain] o.a.c.c.C.[Tomcat].[localhost].[/]       : Initializing Spring embedded WebApplicationContext
2024-11-24T10:31:20.624+07:00  INFO 3032 --- [telsoft-job-quartz] [restartedMain] w.s.c.ServletWebServerApplicationContext : Root WebApplicationContext: initialization completed in 279 ms
2024-11-24T10:31:20.656+07:00  INFO 3032 --- [telsoft-job-quartz] [restartedMain] o.hibernate.jpa.internal.util.LogHelper  : HHH000204: Processing PersistenceUnitInfo [name: default]
2024-11-24T10:31:20.658+07:00  INFO 3032 --- [telsoft-job-quartz] [restartedMain] o.h.c.internal.RegionFactoryInitiator    : HHH000026: Second-level cache disabled
2024-11-24T10:31:20.664+07:00  INFO 3032 --- [telsoft-job-quartz] [restartedMain] o.s.o.j.p.SpringPersistenceUnitInfo      : No LoadTimeWeaver setup: ignoring JPA class transformer
2024-11-24T10:31:20.665+07:00  INFO 3032 --- [telsoft-job-quartz] [restartedMain] com.zaxxer.hikari.HikariDataSource       : HikariPool-2 - Starting...
2024-11-24T10:31:20.667+07:00  INFO 3032 --- [telsoft-job-quartz] [restartedMain] com.zaxxer.hikari.pool.HikariPool        : HikariPool-2 - Added connection com.mysql.cj.jdbc.ConnectionImpl@5db67d68
2024-11-24T10:31:20.668+07:00  INFO 3032 --- [telsoft-job-quartz] [restartedMain] com.zaxxer.hikari.HikariDataSource       : HikariPool-2 - Start completed.
2024-11-24T10:31:20.811+07:00  INFO 3032 --- [telsoft-job-quartz] [restartedMain] o.h.e.t.j.p.i.JtaPlatformInitiator       : HHH000489: No JTA platform available (set 'hibernate.transaction.jta.platform' to enable JTA platform integration)
2024-11-24T10:31:20.860+07:00  INFO 3032 --- [telsoft-job-quartz] [restartedMain] j.LocalContainerEntityManagerFactoryBean : Initialized JPA EntityManagerFactory for persistence unit 'default'
2024-11-24T10:31:21.047+07:00  WARN 3032 --- [telsoft-job-quartz] [restartedMain] JpaBaseConfiguration$JpaWebConfiguration : spring.jpa.open-in-view is enabled by default. Therefore, database queries may be performed during view rendering. Explicitly configure spring.jpa.open-in-view to disable this warning
2024-11-24T10:31:21.058+07:00  INFO 3032 --- [telsoft-job-quartz] [restartedMain] r$InitializeUserDetailsManagerConfigurer : Global AuthenticationManager configured with UserDetailsService bean with name userService
2024-11-24T10:31:21.291+07:00  INFO 3032 --- [telsoft-job-quartz] [restartedMain] o.s.b.d.a.OptionalLiveReloadServer       : LiveReload server is running on port 35729
2024-11-24T10:31:21.301+07:00  INFO 3032 --- [telsoft-job-quartz] [restartedMain] o.s.b.w.embedded.tomcat.TomcatWebServer  : Tomcat started on port 2001 (http) with context path '/'
2024-11-24T10:31:21.304+07:00  INFO 3032 --- [telsoft-job-quartz] [restartedMain] t.s.quartz.manager.QuartzApplication     : Started QuartzApplication in 0.977 seconds (process running for 91.059)
2024-11-24T10:31:21.306+07:00  INFO 3032 --- [telsoft-job-quartz] [restartedMain] .ConditionEvaluationDeltaLoggingListener : Condition evaluation unchanged
2024-11-24T10:31:25.960+07:00  INFO 3032 --- [telsoft-job-quartz] [http-nio-2001-exec-1] o.a.c.c.C.[Tomcat].[localhost].[/]       : Initializing Spring DispatcherServlet 'dispatcherServlet'
2024-11-24T10:31:25.960+07:00  INFO 3032 --- [telsoft-job-quartz] [http-nio-2001-exec-1] o.s.web.servlet.DispatcherServlet        : Initializing Servlet 'dispatcherServlet'
2024-11-24T10:31:25.961+07:00  INFO 3032 --- [telsoft-job-quartz] [http-nio-2001-exec-1] o.s.web.servlet.DispatcherServlet        : Completed initialization in 1 ms
2024-11-24T10:31:26.047+07:00  INFO 3032 --- [telsoft-job-quartz] [http-nio-2001-exec-1] t.s.quartz.manager.log.rest.SystemLog    : {"time":"Nov 24, 2024, 10:31:26 AM","typeLog":"request","uuid":"17dc1ac5-be0b-4c98-a688-68ccb0e165a8","user":"anonymousUser","path":"/job/create","body":{"classpath":"telsoft.scheduler.quartz.worker.job.itlayer1.GetFileJob","projectName":"ocs-2023","jobAlias":"Get file itgw","group":"itgw","debug":true,"description":"Get file flow","triggerDetailList":[{"intervalSeconds":60,"cronExpression":"string","triggerType":"SIMPLE","description":"trigger 60s/1"},{"intervalSeconds":0,"cronExpression":"0 0 11 * * ?","triggerType":"CRON","description":"Cron trigger at 11:00 every day"},{"intervalSeconds":0,"cronExpression":"0 0 12 * * ?","triggerType":"CRON","description":"Cron trigger at 12:00 every day"}],"autoStart":true,"paramsJob":[{"paramType":"TEXT","paramName":"string","paramValue":"String"}]}}
2024-11-24T10:31:26.123+07:00 ERROR 3032 --- [telsoft-job-quartz] [http-nio-2001-exec-1] t.s.q.m.e.RestGlobalExceptionHandler     : Error: Not found classpath: telsoft.scheduler.quartz.worker.job.itlayer1.GetFileJob
StackTrace: [telsoft.scheduler.quartz.manager.service.JobService.validateRequest(JobService.java:245), telsoft.scheduler.quartz.manager.service.JobService.createGenericJob(JobService.java:59), telsoft.scheduler.quartz.manager.controller.JobController.createGenericJob(JobController.java:31), java.base/jdk.internal.reflect.NativeMethodAccessorImpl.invoke0(Native Method), java.base/jdk.internal.reflect.NativeMethodAccessorImpl.invoke(NativeMethodAccessorImpl.java:77), java.base/jdk.internal.reflect.DelegatingMethodAccessorImpl.invoke(DelegatingMethodAccessorImpl.java:43), java.base/java.lang.reflect.Method.invoke(Method.java:568), org.springframework.web.method.support.InvocableHandlerMethod.doInvoke(InvocableHandlerMethod.java:255), org.springframework.web.method.support.InvocableHandlerMethod.invokeForRequest(InvocableHandlerMethod.java:188), org.springframework.web.servlet.mvc.method.annotation.ServletInvocableHandlerMethod.invokeAndHandle(ServletInvocableHandlerMethod.java:118), org.springframework.web.servlet.mvc.method.annotation.RequestMappingHandlerAdapter.invokeHandlerMethod(RequestMappingHandlerAdapter.java:926), org.springframework.web.servlet.mvc.method.annotation.RequestMappingHandlerAdapter.handleInternal(RequestMappingHandlerAdapter.java:831), org.springframework.web.servlet.mvc.method.AbstractHandlerMethodAdapter.handle(AbstractHandlerMethodAdapter.java:87), org.springframework.web.servlet.DispatcherServlet.doDispatch(DispatcherServlet.java:1089), org.springframework.web.servlet.DispatcherServlet.doService(DispatcherServlet.java:979), org.springframework.web.servlet.FrameworkServlet.processRequest(FrameworkServlet.java:1014), org.springframework.web.servlet.FrameworkServlet.doPost(FrameworkServlet.java:914), jakarta.servlet.http.HttpServlet.service(HttpServlet.java:590), org.springframework.web.servlet.FrameworkServlet.service(FrameworkServlet.java:885), jakarta.servlet.http.HttpServlet.service(HttpServlet.java:658), org.apache.catalina.core.ApplicationFilterChain.internalDoFilter(ApplicationFilterChain.java:195), org.apache.catalina.core.ApplicationFilterChain.doFilter(ApplicationFilterChain.java:140), org.apache.tomcat.websocket.server.WsFilter.doFilter(WsFilter.java:51), org.apache.catalina.core.ApplicationFilterChain.internalDoFilter(ApplicationFilterChain.java:164), org.apache.catalina.core.ApplicationFilterChain.doFilter(ApplicationFilterChain.java:140), org.springframework.web.filter.OncePerRequestFilter.doFilter(OncePerRequestFilter.java:110), org.apache.catalina.core.ApplicationFilterChain.internalDoFilter(ApplicationFilterChain.java:164), org.apache.catalina.core.ApplicationFilterChain.doFilter(ApplicationFilterChain.java:140), org.springframework.web.filter.CompositeFilter$VirtualFilterChain.doFilter(CompositeFilter.java:108), org.springframework.security.web.FilterChainProxy.lambda$doFilterInternal$3(FilterChainProxy.java:231), org.springframework.security.web.FilterChainProxy$VirtualFilterChain.doFilter(FilterChainProxy.java:365), org.springframework.security.web.access.intercept.AuthorizationFilter.doFilter(AuthorizationFilter.java:100), org.springframework.security.web.FilterChainProxy$VirtualFilterChain.doFilter(FilterChainProxy.java:374), org.springframework.security.web.access.ExceptionTranslationFilter.doFilter(ExceptionTranslationFilter.java:126), org.springframework.security.web.access.ExceptionTranslationFilter.doFilter(ExceptionTranslationFilter.java:120), org.springframework.security.web.FilterChainProxy$VirtualFilterChain.doFilter(FilterChainProxy.java:374), org.springframework.security.web.session.SessionManagementFilter.doFilter(SessionManagementFilter.java:131), org.springframework.security.web.session.SessionManagementFilter.doFilter(SessionManagementFilter.java:85), org.springframework.security.web.FilterChainProxy$VirtualFilterChain.doFilter(FilterChainProxy.java:374), org.springframework.security.web.authentication.AnonymousAuthenticationFilter.doFilter(AnonymousAuthenticationFilter.java:100), org.springframework.security.web.FilterChainProxy$VirtualFilterChain.doFilter(FilterChainProxy.java:374), org.springframework.security.web.servletapi.SecurityContextHolderAwareRequestFilter.doFilter(SecurityContextHolderAwareRequestFilter.java:179), org.springframework.security.web.FilterChainProxy$VirtualFilterChain.doFilter(FilterChainProxy.java:374), org.springframework.security.web.savedrequest.RequestCacheAwareFilter.doFilter(RequestCacheAwareFilter.java:63), org.springframework.security.web.FilterChainProxy$VirtualFilterChain.doFilter(FilterChainProxy.java:374), telsoft.scheduler.quartz.manager.config.authentication.JwtAuthenticationFilter.doFilterInternal(JwtAuthenticationFilter.java:57), org.springframework.web.filter.OncePerRequestFilter.doFilter(OncePerRequestFilter.java:116), org.springframework.security.web.FilterChainProxy$VirtualFilterChain.doFilter(FilterChainProxy.java:374), org.springframework.security.web.authentication.logout.LogoutFilter.doFilter(LogoutFilter.java:107), org.springframework.security.web.authentication.logout.LogoutFilter.doFilter(LogoutFilter.java:93), org.springframework.security.web.FilterChainProxy$VirtualFilterChain.doFilter(FilterChainProxy.java:374), org.springframework.security.web.header.HeaderWriterFilter.doHeadersAfter(HeaderWriterFilter.java:90), org.springframework.security.web.header.HeaderWriterFilter.doFilterInternal(HeaderWriterFilter.java:75), org.springframework.web.filter.OncePerRequestFilter.doFilter(OncePerRequestFilter.java:116), org.springframework.security.web.FilterChainProxy$VirtualFilterChain.doFilter(FilterChainProxy.java:374), org.springframework.security.web.context.SecurityContextHolderFilter.doFilter(SecurityContextHolderFilter.java:82), org.springframework.security.web.context.SecurityContextHolderFilter.doFilter(SecurityContextHolderFilter.java:69), org.springframework.security.web.FilterChainProxy$VirtualFilterChain.doFilter(FilterChainProxy.java:374), org.springframework.security.web.context.request.async.WebAsyncManagerIntegrationFilter.doFilterInternal(WebAsyncManagerIntegrationFilter.java:62), org.springframework.web.filter.OncePerRequestFilter.doFilter(OncePerRequestFilter.java:116), org.springframework.security.web.FilterChainProxy$VirtualFilterChain.doFilter(FilterChainProxy.java:374), org.springframework.security.web.session.DisableEncodeUrlFilter.doFilterInternal(DisableEncodeUrlFilter.java:42), org.springframework.web.filter.OncePerRequestFilter.doFilter(OncePerRequestFilter.java:116), org.springframework.security.web.FilterChainProxy$VirtualFilterChain.doFilter(FilterChainProxy.java:374), org.springframework.security.web.FilterChainProxy.doFilterInternal(FilterChainProxy.java:233), org.springframework.security.web.FilterChainProxy.doFilter(FilterChainProxy.java:191), org.springframework.web.filter.CompositeFilter$VirtualFilterChain.doFilter(CompositeFilter.java:113), org.springframework.web.servlet.handler.HandlerMappingIntrospector.lambda$createCacheFilter$3(HandlerMappingIntrospector.java:195), org.springframework.web.filter.CompositeFilter$VirtualFilterChain.doFilter(CompositeFilter.java:113), org.springframework.web.filter.CompositeFilter.doFilter(CompositeFilter.java:74), org.springframework.security.config.annotation.web.configuration.WebMvcSecurityConfiguration$CompositeFilterChainProxy.doFilter(WebMvcSecurityConfiguration.java:230), org.springframework.web.filter.DelegatingFilterProxy.invokeDelegate(DelegatingFilterProxy.java:362), org.springframework.web.filter.DelegatingFilterProxy.doFilter(DelegatingFilterProxy.java:278), org.apache.catalina.core.ApplicationFilterChain.internalDoFilter(ApplicationFilterChain.java:164), org.apache.catalina.core.ApplicationFilterChain.doFilter(ApplicationFilterChain.java:140), org.springframework.web.filter.RequestContextFilter.doFilterInternal(RequestContextFilter.java:100), org.springframework.web.filter.OncePerRequestFilter.doFilter(OncePerRequestFilter.java:116), org.apache.catalina.core.ApplicationFilterChain.internalDoFilter(ApplicationFilterChain.java:164), org.apache.catalina.core.ApplicationFilterChain.doFilter(ApplicationFilterChain.java:140), org.springframework.web.filter.FormContentFilter.doFilterInternal(FormContentFilter.java:93), org.springframework.web.filter.OncePerRequestFilter.doFilter(OncePerRequestFilter.java:116), org.apache.catalina.core.ApplicationFilterChain.internalDoFilter(ApplicationFilterChain.java:164), org.apache.catalina.core.ApplicationFilterChain.doFilter(ApplicationFilterChain.java:140), org.springframework.web.filter.CharacterEncodingFilter.doFilterInternal(CharacterEncodingFilter.java:201), org.springframework.web.filter.OncePerRequestFilter.doFilter(OncePerRequestFilter.java:116), org.apache.catalina.core.ApplicationFilterChain.internalDoFilter(ApplicationFilterChain.java:164), org.apache.catalina.core.ApplicationFilterChain.doFilter(ApplicationFilterChain.java:140), org.apache.catalina.core.StandardWrapperValve.invoke(StandardWrapperValve.java:167), org.apache.catalina.core.StandardContextValve.invoke(StandardContextValve.java:90), org.apache.catalina.authenticator.AuthenticatorBase.invoke(AuthenticatorBase.java:483), org.apache.catalina.core.StandardHostValve.invoke(StandardHostValve.java:115), org.apache.catalina.valves.ErrorReportValve.invoke(ErrorReportValve.java:93), org.apache.catalina.core.StandardEngineValve.invoke(StandardEngineValve.java:74), org.apache.catalina.connector.CoyoteAdapter.service(CoyoteAdapter.java:344), org.apache.coyote.http11.Http11Processor.service(Http11Processor.java:384), org.apache.coyote.AbstractProcessorLight.process(AbstractProcessorLight.java:63), org.apache.coyote.AbstractProtocol$ConnectionHandler.process(AbstractProtocol.java:905), org.apache.tomcat.util.net.NioEndpoint$SocketProcessor.doRun(NioEndpoint.java:1741), org.apache.tomcat.util.net.SocketProcessorBase.run(SocketProcessorBase.java:52), org.apache.tomcat.util.threads.ThreadPoolExecutor.runWorker(ThreadPoolExecutor.java:1190), org.apache.tomcat.util.threads.ThreadPoolExecutor$Worker.run(ThreadPoolExecutor.java:659), org.apache.tomcat.util.threads.TaskThread$WrappingRunnable.run(TaskThread.java:63), java.base/java.lang.Thread.run(Thread.java:840)]
2024-11-24T10:31:26.129+07:00  INFO 3032 --- [telsoft-job-quartz] [http-nio-2001-exec-1] t.s.quartz.manager.log.rest.SystemLog    : {"time":"Nov 24, 2024, 10:31:26 AM","typeLog":"response","uuid":"17dc1ac5-be0b-4c98-a688-68ccb0e165a8","user":"anonymousUser","path":"/job/create","body":"Validation exception: Not found classpath: telsoft.scheduler.quartz.worker.job.itlayer1.GetFileJob"}
2024-11-24T10:31:26.132+07:00  WARN 3032 --- [telsoft-job-quartz] [http-nio-2001-exec-1] .m.m.a.ExceptionHandlerExceptionResolver : Resolved [jakarta.xml.bind.ValidationException: Not found classpath: telsoft.scheduler.quartz.worker.job.itlayer1.GetFileJob]
2024-11-24T10:31:33.586+07:00  INFO 3032 --- [telsoft-job-quartz] [http-nio-2001-exec-2] t.s.quartz.manager.log.rest.SystemLog    : {"time":"Nov 24, 2024, 10:31:33 AM","typeLog":"request","uuid":"48428c7a-cefe-4598-8e76-0a759b12950b","user":"anonymousUser","path":"/job/create","body":{"classpath":"telsoft.scheduler.quartz.worker.job.itlayer.GetFileJob","projectName":"ocs-2023","jobAlias":"Get file itgw","group":"itgw","debug":true,"description":"Get file flow","triggerDetailList":[{"intervalSeconds":60,"cronExpression":"string","triggerType":"SIMPLE","description":"trigger 60s/1"},{"intervalSeconds":0,"cronExpression":"0 0 11 * * ?","triggerType":"CRON","description":"Cron trigger at 11:00 every day"},{"intervalSeconds":0,"cronExpression":"0 0 12 * * ?","triggerType":"CRON","description":"Cron trigger at 12:00 every day"}],"autoStart":true,"paramsJob":[{"paramType":"TEXT","paramName":"string","paramValue":"String"}]}}
2024-11-24T10:31:33.726+07:00  INFO 3032 --- [telsoft-job-quartz] [http-nio-2001-exec-2] t.s.quartz.manager.log.rest.SystemLog    : {"time":"Nov 24, 2024, 10:31:33 AM","typeLog":"response","uuid":"48428c7a-cefe-4598-8e76-0a759b12950b","user":"anonymousUser","path":"/job/create","body":"Job created successfully with classpath: telsoft.scheduler.quartz.worker.job.itlayer.GetFileJob"}
2024-11-24T10:33:41.044+07:00  INFO 3032 --- [telsoft-job-quartz] [http-nio-2001-exec-4] t.s.quartz.manager.log.rest.SystemLog    : {"time":"Nov 24, 2024, 10:33:41 AM","typeLog":"request","uuid":"d57395c4-1f76-46cd-a83c-3e5cbc49bc11","user":"anonymousUser","path":"/job/start","body":["job_1732419093591"]}
2024-11-24T10:33:41.068+07:00  INFO 3032 --- [telsoft-job-quartz] [http-nio-2001-exec-4] t.s.quartz.manager.log.rest.SystemLog    : {"time":"Nov 24, 2024, 10:33:41 AM","typeLog":"response","uuid":"d57395c4-1f76-46cd-a83c-3e5cbc49bc11","user":"anonymousUser","path":"/job/start","body":"Job started successfully."}
